*** Life<ConwayCell> 5x5 ***

Generation = 0, Population = 5.
 
*....
.*...
..*..
...*.
....*

Generation = 1, Population = 3.
 
.....
.*...
..*..
...*.
.....

Generation = 2, Population = 1.
 
.....
.....
..*..
.....
.....

Generation = 3, Population = 0.
 
.....
.....
.....
.....
.....

Generation = 4, Population = 0.
 
.....
.....
.....
.....
.....

Generation = 5, Population = 0.
 
.....
.....
.....
.....
.....

*** Life<ConwayCell> 5x5 ***

Generation = 0, Population = 4.
 
.....
...*.
..**.
.*...
.....

Generation = 1, Population = 5.
 
.....
..**.
..**.
..*..
.....

Generation = 2, Population = 5.
 
.....
..**.
.*...
..**.
.....

Generation = 3, Population = 3.
 
.....
..*..
.*...
..*..
.....

Generation = 4, Population = 2.
 
.....
.....
.**..
.....
.....

Generation = 5, Population = 0.
 
.....
.....
.....
.....
.....

*** Life<ConwayCell> 6x7 ***

Generation = 0, Population = 4.
 
.......
.......
...**..
...**..
.......
.......

Generation = 10, Population = 4.
 
.......
.......
...**..
...**..
.......
.......

Generation = 20, Population = 4.
 
.......
.......
...**..
...**..
.......
.......

Generation = 30, Population = 4.
 
.......
.......
...**..
...**..
.......
.......

Generation = 55, Population = 4.
 
.......
.......
...**..
...**..
.......
.......

*** Life<ConwayCell> 10x10 ***

Generation = 0, Population = 8.
 
..........
..........
...**.....
..***.....
....**.*..
..........
..........
..........
..........
..........

Generation = 1, Population = 5.
 
..........
..........
..*.*.....
..*.......
....**....
..........
..........
..........
..........
..........

Generation = 2, Population = 3.
 
..........
..........
...*......
....**....
..........
..........
..........
..........
..........
..........

Generation = 3, Population = 2.
 
..........
..........
....*.....
....*.....
..........
..........
..........
..........
..........
..........

Generation = 4, Population = 0.
 
..........
..........
..........
..........
..........
..........
..........
..........
..........
..........

*** Life<ConwayCell> 30x30 ***

Generation = 0, Population = 7.
 
..............................
..............................
..............................
..............................
..............................
..............................
..............................
..............................
..............................
..............................
..............................
..............................
..............................
..............................
...............*..............
..............***.............
..............*.*.............
...............*..............
..............................
..............................
..............................
..............................
..............................
..............................
..............................
..............................
..............................
..............................
..............................
..............................

Generation = 10, Population = 32.
 
..............................
..............................
..............................
..............................
..............................
..............................
..............................
..............................
..............................
..............................
..............***.............
.............*...*............
.............*...*............
...........**.....**..........
..........*....*....*.........
..........*...*.*...*.........
..........*....*....*.........
...........**.....**..........
.............*...*............
.............*...*............
..............***.............
..............................
..............................
..............................
..............................
..............................
..............................
..............................
..............................
..............................

Generation = 20, Population = 24.
 
..............................
..............................
..............................
..............................
..............................
..............................
..............................
..............................
..............................
...............*..............
..............*.*.............
..............*.*.............
...............*..............
..............................
..........**.......**.........
.........*..*.....*..*........
..........**.......**.........
..............................
...............*..............
..............*.*.............
..............*.*.............
...............*..............
..............................
..............................
..............................
..............................
..............................
..............................
..............................
..............................

Generation = 30, Population = 24.
 
..............................
..............................
..............................
..............................
..............................
..............................
..............................
..............................
..............................
...............*..............
..............*.*.............
..............*.*.............
...............*..............
..............................
..........**.......**.........
.........*..*.....*..*........
..........**.......**.........
..............................
...............*..............
..............*.*.............
..............*.*.............
...............*..............
..............................
..............................
..............................
..............................
..............................
..............................
..............................
..............................

*** Life<ConwayCell> 30x30 ***

Generation = 0, Population = 5.
 
..............................
..............................
..............................
..............................
..............................
..............................
..............................
..............................
..............................
..............................
..............................
..............................
..............................
...............*..............
................*.............
..............***.............
..............................
..............................
..............................
..............................
..............................
..............................
..............................
..............................
..............................
..............................
..............................
..............................
..............................
..............................
..............................

Generation = 1, Population = 5.
 
..............................
..............................
..............................
..............................
..............................
..............................
..............................
..............................
..............................
..............................
..............................
..............................
..............................
..............................
..............*.*.............
...............**.............
...............*..............
..............................
..............................
..............................
..............................
..............................
..............................
..............................
..............................
..............................
..............................
..............................
..............................
..............................
..............................

Generation = 2, Population = 5.
 
..............................
..............................
..............................
..............................
..............................
..............................
..............................
..............................
..............................
..............................
..............................
..............................
..............................
..............................
................*.............
..............*.*.............
...............**.............
..............................
..............................
..............................
..............................
..............................
..............................
..............................
..............................
..............................
..............................
..............................
..............................
..............................
..............................

Generation = 10, Population = 5.
 
..............................
..............................
..............................
..............................
..............................
..............................
..............................
..............................
..............................
..............................
..............................
..............................
..............................
..............................
..............................
..............................
..................*...........
................*.*...........
.................**...........
..............................
..............................
..............................
..............................
..............................
..............................
..............................
..............................
..............................
..............................
..............................
..............................

Generation = 20, Population = 5.
 
..............................
..............................
..............................
..............................
..............................
..............................
..............................
..............................
..............................
..............................
..............................
..............................
..............................
..............................
..............................
..............................
..............................
..............................
....................*.........
.....................*........
...................***........
..............................
..............................
..............................
..............................
..............................
..............................
..............................
..............................
..............................
..............................

Generation = 30, Population = 5.
 
..............................
..............................
..............................
..............................
..............................
..............................
..............................
..............................
..............................
..............................
..............................
..............................
..............................
..............................
..............................
..............................
..............................
..............................
..............................
..............................
..............................
.......................*......
.....................*.*......
......................**......
..............................
..............................
..............................
..............................
..............................
..............................
..............................

*** Life<ConwayCell> 109x69 ***

Generation = 0, Population = 35.
 
.....................................................................
.....................................................................
.....................................................................
.....................................................................
.....................................................................
.....................................................................
.....................................................................
.....................................................................
.....................................................................
.....................................................................
.....................................................................
.....................................................................
.....................................................................
.....................................................................
.....................................................................
.....................................................................
.....................................................................
.....................................................................
.....................................................................
.....................................................................
.....................................................................
.....................................................................
.....................................................................
.....................................................................
.....................................................................
.....................................................................
.....................................................................
.....................................................................
.....................................................................
.....................................................................
.....................................................................
.....................................................................
.....................................................................
.....................................................................
..................................*..................................
..................................*..................................
..................................*..................................
..................................*..................................
..................................*..................................
.....................................................................
..................................*..................................
..................................*..................................
..................................*..................................
..................................*..................................
..................................*..................................
.....................................................................
..................................*..................................
..................................*..................................
..................................*..................................
..................................*..................................
..................................*..................................
.....................................................................
..................................*..................................
..................................*..................................
..................................*..................................
..................................*..................................
..................................*..................................
.....................................................................
..................................*..................................
..................................*..................................
..................................*..................................
..................................*..................................
..................................*..................................
.....................................................................
..................................*..................................
..................................*..................................
..................................*..................................
..................................*..................................
..................................*..................................
.....................................................................
..................................*..................................
..................................*..................................
..................................*..................................
..................................*..................................
..................................*..................................
.....................................................................
.....................................................................
.....................................................................
.....................................................................
.....................................................................
.....................................................................
.....................................................................
.....................................................................
.....................................................................
.....................................................................
.....................................................................
.....................................................................
.....................................................................
.....................................................................
.....................................................................
.....................................................................
.....................................................................
.....................................................................
.....................................................................
.....................................................................
.....................................................................
.....................................................................
.....................................................................
.....................................................................
.....................................................................
.....................................................................
.....................................................................
.....................................................................
.....................................................................
.....................................................................
.....................................................................
.....................................................................
.....................................................................
.....................................................................

Generation = 283, Population = 492.
 
.....................................................................
.....................................................................
.....................................................................
.....................................................................
....................**.........................**....................
....................**.*.**...............**.*.**....................
....................*..*.*.*.............*.*.*..*....................
.....................*...*.*.............*.*...*.....................
.....................*.**.*...............*.**.*.....................
.......................*.....................*.......................
...................*.**.......................**.*...................
.....................................................................
...................**...........................**...................
.....................................................................
.....................................................................
.....................................................................
.....................................................................
.....................................................................
.....................................................................
.....................................................................
.........*..............***...............***..............*.........
........***...*..........*.................*..........*...***........
.......*..***..*.**...............................**.*..***..*.......
......**...**......*.............................*......**...**......
.....**.*.***.......*......*..*.......*..*......*.......***.*.**.....
.....***.**....***.**......*..*.......*..*......**.***....**.***.....
........*.*....*.....****.*....*.....*....*.****.....*....*.*........
................*****.**..**...*.....*...**..**.*****................
.....**......**.*..**...**....*.......*....**...**..*.**......**.....
....*.......****........**...*.........*...**........****.......*....
....*.*.....**.........................................**.....*.*....
....*.*.......................................................*.*....
...**...........................................................**...
....*.*.......................................................*.*....
.....*.........................................................*.....
............................*...........*............................
...........................*.*.........*.*...........................
...........................*.*.........*.*...........................
............................*...........*............................
.....................................................................
.....................................................................
.....................................................................
.....................................................................
.....................................................................
.....................................................................
.....................................................................
.....................................................................
.....................................................................
.....................................................................
.....................................................................
.....................................................................
.....................................................................
.....................................................................
.....................................................................
.......................***...***.....***...***.......................
.....................................................................
.....................................................................
.....................................................................
.....................................................................
.....................................................................
.....................................................................
.....................................................................
.....................................................................
.....................................................................
.....................................................................
.....................................................................
.....................................................................
.....................................................................
.....................................................................
.....................................................................
............................*...........*............................
...........................*.*.........*.*...........................
...........................*.*.........*.*...........................
............................*...........*............................
.....*.........................................................*.....
....*.*.......................................................*.*....
...**...........................................................**...
....*.*.......................................................*.*....
....*.*.....**.........................................**.....*.*....
....*.......****........**...*.........*...**........****.......*....
.....**......**.*..**...**....*.......*....**...**..*.**......**.....
................*****.**..**...*.....*...**..**.*****................
........*.*....*.....****.*....*.....*....*.****.....*....*.*........
.....***.**....***.**......*..*.......*..*......**.***....**.***.....
.....**.*.***.......*......*..*.......*..*......*.......***.*.**.....
......**...**......*.............................*......**...**......
.......*..***..*.**...............................**.*..***..*.......
........***...*..........*.................*..........*...***........
.........*..............***...............***..............*.........
.....................................................................
.....................................................................
.....................................................................
.....................................................................
.....................................................................
.....................................................................
.....................................................................
...................**...........................**...................
.....................................................................
...................*.**.......................**.*...................
.......................*.....................*.......................
.....................*.**.*...............*.**.*.....................
.....................*...*.*.............*.*...*.....................
....................*..*.*.*.............*.*.*..*....................
....................**.*.**...............**.*.**....................
....................**.........................**....................
.....................................................................
.....................................................................
.....................................................................
.....................................................................

Generation = 323, Population = 192.
 
.....................................................................
.....................................................................
.....................................................................
....................**.........................**....................
....................**...*.................*...**....................
........................*.*...............*.*........................
........................*..*.............*..*........................
.........................**...............**.........................
.....................................................................
.....................................................................
.....................................................................
.....................................................................
.....................................................................
.....................................................................
.........*.................................................*.........
........*.*...............................................*.*........
........*..*.............................................*..*........
.........**...............................................**.........
.....................................................................
.....................................................................
.............*.........................................*.............
............*.*.......................................*.*............
............*.*.......................................*.*............
.............*.........................................*.............
............................***.......***............................
.....................................................................
..........................*.....*...*.....*..........................
..........................*.....*...*.....*..........................
..........................*.....*...*.....*..........................
.....*.........................................................*.....
.....*......................***.......***......................*.....
.....*.........................................................*.....
.....................................................................
.....................................................................
.....................................................................
............................*...........*............................
...........................*.*.........*.*...........................
...........................*.*.........*.*...........................
............................*...........*............................
.....................................................................
.....................................................................
.....................................................................
.....................................................................
.....................................................................
.....................................................................
.....................................................................
.....................................................................
.....................................................................
.....................................................................
.....................................................................
.....................................................................
.....................................................................
.....................................................................
.....................................................................
.......................***...***.....***...***.......................
.....................................................................
.....................................................................
.....................................................................
.....................................................................
.....................................................................
.....................................................................
.....................................................................
.....................................................................
.....................................................................
.....................................................................
.....................................................................
.....................................................................
.....................................................................
.....................................................................
.....................................................................
............................*...........*............................
...........................*.*.........*.*...........................
...........................*.*.........*.*...........................
............................*...........*............................
.....................................................................
.....................................................................
.....................................................................
.....*.........................................................*.....
.....*......................***.......***......................*.....
.....*.........................................................*.....
..........................*.....*...*.....*..........................
..........................*.....*...*.....*..........................
..........................*.....*...*.....*..........................
.....................................................................
............................***.......***............................
.............*.........................................*.............
............*.*.......................................*.*............
............*.*.......................................*.*............
.............*.........................................*.............
.....................................................................
.....................................................................
.........**...............................................**.........
........*..*.............................................*..*........
........*.*...............................................*.*........
.........*.................................................*.........
.....................................................................
.....................................................................
.....................................................................
.....................................................................
.....................................................................
.....................................................................
.........................**...............**.........................
........................*..*.............*..*........................
........................*.*...............*.*........................
....................**...*.................*...**....................
....................**.........................**....................
.....................................................................
.....................................................................
.....................................................................

Generation = 2500, Population = 192.
 
.....................................................................
.....................................................................
.....................................................................
....................**.........................**....................
....................**...*.................*...**....................
........................*.*...............*.*........................
........................*..*.............*..*........................
.........................**...............**.........................
.....................................................................
.....................................................................
.....................................................................
.....................................................................
.....................................................................
.....................................................................
.........*.................................................*.........
........*.*...............................................*.*........
........*..*.............................................*..*........
.........**...............................................**.........
.....................................................................
.....................................................................
.............*.........................................*.............
............*.*.......................................*.*............
............*.*.......................................*.*............
.............*...............*.........*...............*.............
.............................*.........*.............................
.............................*.........*.............................
.....................................................................
.........................***...***.***...***.........................
.....................................................................
.............................*.........*.............................
....***......................*.........*......................***....
.............................*.........*.............................
.....................................................................
.....................................................................
.....................................................................
............................*...........*............................
...........................*.*.........*.*...........................
...........................*.*.........*.*...........................
............................*...........*............................
.....................................................................
.....................................................................
.....................................................................
.....................................................................
.....................................................................
.....................................................................
.....................................................................
.....................................................................
.....................................................................
.....................................................................
.....................................................................
.....................................................................
.....................................................................
.....................................................................
........................*.....*.......*.....*........................
........................*.....*.......*.....*........................
........................*.....*.......*.....*........................
.....................................................................
.....................................................................
.....................................................................
.....................................................................
.....................................................................
.....................................................................
.....................................................................
.....................................................................
.....................................................................
.....................................................................
.....................................................................
.....................................................................
.....................................................................
.....................................................................
............................*...........*............................
...........................*.*.........*.*...........................
...........................*.*.........*.*...........................
............................*...........*............................
.....................................................................
.....................................................................
.....................................................................
.............................*.........*.............................
....***......................*.........*......................***....
.............................*.........*.............................
.....................................................................
.........................***...***.***...***.........................
.....................................................................
.............................*.........*.............................
.............................*.........*.............................
.............*...............*.........*...............*.............
............*.*.......................................*.*............
............*.*.......................................*.*............
.............*.........................................*.............
.....................................................................
.....................................................................
.........**...............................................**.........
........*..*.............................................*..*........
........*.*...............................................*.*........
.........*.................................................*.........
.....................................................................
.....................................................................
.....................................................................
.....................................................................
.....................................................................
.....................................................................
.........................**...............**.........................
........................*..*.............*..*........................
........................*.*...............*.*........................
....................**...*.................*...**....................
....................**.........................**....................
.....................................................................
.....................................................................
.....................................................................

*** Life<FredkinCell> 20x20 ***

Generation = 0, Population = 4.
 
--------------------
--------------------
--------------------
--------------------
--------------------
--------------------
--------------------
--------------------
--------------------
---------00---------
---------00---------
--------------------
--------------------
--------------------
--------------------
--------------------
--------------------
--------------------
--------------------
--------------------

Generation = 1, Population = 8.
 
--------------------
--------------------
--------------------
--------------------
--------------------
--------------------
--------------------
--------------------
---------00---------
--------0--0--------
--------0--0--------
---------00---------
--------------------
--------------------
--------------------
--------------------
--------------------
--------------------
--------------------
--------------------

Generation = 2, Population = 16.
 
--------------------
--------------------
--------------------
--------------------
--------------------
--------------------
--------------------
---------00---------
---------11---------
-------01--10-------
-------01--10-------
---------11---------
---------00---------
--------------------
--------------------
--------------------
--------------------
--------------------
--------------------
--------------------

Generation = 3, Population = 16.
 
--------------------
--------------------
--------------------
--------------------
--------------------
--------------------
---------00---------
--------0--0--------
-------0----0-------
------0------0------
------0------0------
-------0----0-------
--------0--0--------
---------00---------
--------------------
--------------------
--------------------
--------------------
--------------------
--------------------

Generation = 4, Population = 16.
 
--------------------
--------------------
--------------------
--------------------
--------------------
---------00---------
---------11---------
--------------------
--------------------
-----01------10-----
-----01------10-----
--------------------
--------------------
---------11---------
---------00---------
--------------------
--------------------
--------------------
--------------------
--------------------

Generation = 5, Population = 32.
 
--------------------
--------------------
--------------------
--------------------
---------00---------
--------0--0--------
--------0--0--------
---------00---------
-----00------00-----
----0--0----0--0----
----0--0----0--0----
-----00------00-----
---------00---------
--------0--0--------
--------0--0--------
---------00---------
--------------------
--------------------
--------------------
--------------------

*** Life<FredkinCell> 20x20 ***

Generation = 0, Population = 3.
 
--------------------
--------------------
--------------------
--------------------
--------------------
--------------------
--------------------
--------00----------
---------0----------
--------------------
--------------------
--------------------
--------------------
--------------------
--------------------
--------------------
--------------------
--------------------
--------------------
--------------------

Generation = 1, Population = 8.
 
--------------------
--------------------
--------------------
--------------------
--------------------
--------------------
--------00----------
-------01-0---------
---------10---------
---------0----------
--------------------
--------------------
--------------------
--------------------
--------------------
--------------------
--------------------
--------------------
--------------------
--------------------

Generation = 2, Population = 12.
 
--------------------
--------------------
--------------------
--------------------
--------------------
--------00----------
---------1----------
------01--10--------
-------0---0--------
--------01----------
---------0----------
--------------------
--------------------
--------------------
--------------------
--------------------
--------------------
--------------------
--------------------
--------------------

Generation = 3, Population = 24.
 
--------------------
--------------------
--------------------
--------------------
--------00----------
-------01-0---------
------00-2-0--------
-----01-1-2-0-------
-------1-1-10-------
--------1-00--------
---------10---------
---------0----------
--------------------
--------------------
--------------------
--------------------
--------------------
--------------------
--------------------
--------------------

Generation = 4, Population = 12.
 
--------------------
--------------------
--------------------
--------00----------
---------1----------
--------------------
--------------------
----01------10------
-----0-------0------
--------------------
--------------------
--------01----------
---------0----------
--------------------
--------------------
--------------------
--------------------
--------------------
--------------------
--------------------

Generation = 5, Population = 32.
 
--------------------
--------------------
--------00----------
-------01-0---------
---------20---------
---------0----------
----00------00------
---01-1----02-0-----
-----10------10-----
-----0-------0------
--------01----------
-------01-0---------
---------10---------
---------0----------
--------------------
--------------------
--------------------
--------------------
--------------------
--------------------

*** Life<FredkinCell> 20x20 ***

Generation = 0, Population = 3.
 
--------------------
--------------------
--------------------
--------------------
--------------------
-----0--------------
-----0--------------
---------0----------
--------------------
--------------------
--------------------
--------------------
--------------------
--------------------
--------------------
--------------------
--------------------
--------------------
--------------------
--------------------

Generation = 1, Population = 12.
 
--------------------
--------------------
--------------------
--------------------
-----0--------------
----010-------------
----010--0----------
-----0--0-0---------
---------0----------
--------------------
--------------------
--------------------
--------------------
--------------------
--------------------
--------------------
--------------------
--------------------
--------------------
--------------------

Generation = 2, Population = 12.
 
--------------------
--------------------
--------------------
-----0--------------
-----1--------------
---0---0-0----------
---0---0------------
-----1-0---0--------
-----0--------------
---------0----------
--------------------
--------------------
--------------------
--------------------
--------------------
--------------------
--------------------
--------------------
--------------------
--------------------

Generation = 3, Population = 42.
 
--------------------
--------------------
-----0--------------
----010-------------
---00200-0----------
--010101--0---------
--01010-00-0--------
---002-10-0-0-------
----0100-0-0--------
-----0--0-0---------
---------0----------
--------------------
--------------------
--------------------
--------------------
--------------------
--------------------
--------------------
--------------------
--------------------

Generation = 4, Population = 12.
 
--------------------
-----0--------------
-----1--------------
---------0----------
--------------------
-0-------0----------
-0-------1----------
-----3-------0------
--------------------
-----1--------------
-----0--------------
---------0----------
--------------------
--------------------
--------------------
--------------------
--------------------
--------------------
--------------------
--------------------

*** Life<FredkinCell> 6x6 ***

Generation = 0, Population = 12.
 
000000
------
------
------
------
000000

Generation = 1, Population = 16.
 
1----1
000000
------
------
000000
1----1

Generation = 2, Population = 20.
 
2-00-2
------
000000
000000
------
2-00-2

Generation = 3, Population = 16.
 
--11--
-0--0-
-1111-
-1111-
-0--0-
--11--

Generation = 4, Population = 28.
 
--22--
010010
022220
022220
010010
--22--

Generation = 5, Population = 12.
 
2----2
-2--2-
1----1
1----1
-2--2-
2----2

*** Life<FredkinCell> 20x20 ***

Generation = 0, Population = 1.
 
--------------------
--------------------
--------------------
--------------------
--------------------
-----0--------------
--------------------
--------------------
--------------------
--------------------
--------------------
--------------------
--------------------
--------------------
--------------------
--------------------
--------------------
--------------------
--------------------
--------------------

Generation = 1, Population = 4.
 
--------------------
--------------------
--------------------
--------------------
-----0--------------
----0-0-------------
-----0--------------
--------------------
--------------------
--------------------
--------------------
--------------------
--------------------
--------------------
--------------------
--------------------
--------------------
--------------------
--------------------
--------------------

Generation = 2, Population = 4.
 
--------------------
--------------------
--------------------
-----0--------------
--------------------
---0---0------------
--------------------
-----0--------------
--------------------
--------------------
--------------------
--------------------
--------------------
--------------------
--------------------
--------------------
--------------------
--------------------
--------------------
--------------------

Generation = 3, Population = 16.
 
--------------------
--------------------
-----0--------------
----0-0-------------
---0-0-0------------
--0-0-0-0-----------
---0-0-0------------
----0-0-------------
-----0--------------
--------------------
--------------------
--------------------
--------------------
--------------------
--------------------
--------------------
--------------------
--------------------
--------------------
--------------------

Generation = 4, Population = 4.
 
--------------------
-----0--------------
--------------------
--------------------
--------------------
-0-------0----------
--------------------
--------------------
--------------------
-----0--------------
--------------------
--------------------
--------------------
--------------------
--------------------
--------------------
--------------------
--------------------
--------------------
--------------------

Generation = 5, Population = 16.
 
-----0--------------
----0-0-------------
-----0--------------
--------------------
-0-------0----------
0-0-----0-0---------
-0-------0----------
--------------------
-----0--------------
----0-0-------------
-----0--------------
--------------------
--------------------
--------------------
--------------------
--------------------
--------------------
--------------------
--------------------
--------------------

*** Life<FredkinCell> 20x20 ***

Generation = 0, Population = 1.
 
--------------------
--------------------
--------------------
--------------------
--------------------
--------------------
--------------------
--------------------
--------------------
--------------------
--------------------
--------------------
--------------------
--------------------
--------------------
--------------------
--------------------
--------------------
--------------------
-------------------0

Generation = 1, Population = 2.
 
--------------------
--------------------
--------------------
--------------------
--------------------
--------------------
--------------------
--------------------
--------------------
--------------------
--------------------
--------------------
--------------------
--------------------
--------------------
--------------------
--------------------
--------------------
-------------------0
------------------0-

Generation = 2, Population = 2.
 
--------------------
--------------------
--------------------
--------------------
--------------------
--------------------
--------------------
--------------------
--------------------
--------------------
--------------------
--------------------
--------------------
--------------------
--------------------
--------------------
--------------------
-------------------0
--------------------
-----------------0--

Generation = 3, Population = 6.
 
--------------------
--------------------
--------------------
--------------------
--------------------
--------------------
--------------------
--------------------
--------------------
--------------------
--------------------
--------------------
--------------------
--------------------
--------------------
--------------------
-------------------0
------------------0-
-----------------0-0
----------------0-0-

Generation = 4, Population = 4.
 
--------------------
--------------------
--------------------
--------------------
--------------------
--------------------
--------------------
--------------------
--------------------
--------------------
--------------------
--------------------
--------------------
--------------------
--------------------
-------------------0
--------------------
-------------------0
--------------------
---------------0-0--

Generation = 5, Population = 8.
 
--------------------
--------------------
--------------------
--------------------
--------------------
--------------------
--------------------
--------------------
--------------------
--------------------
--------------------
--------------------
--------------------
--------------------
-------------------0
------------------0-
--------------------
------------------0-
---------------0-0-0
--------------0---0-

*** Life<Cell> 20x20 ***

Generation = 0, Population = 6.
 
--------------------
--------------------
--------------------
--------------------
--------------------
--------------------
--------------------
--------------------
--------------------
---------00---------
--------0000--------
--------------------
--------------------
--------------------
--------------------
--------------------
--------------------
--------------------
--------------------
--------------------

Generation = 1, Population = 12.
 
--------------------
--------------------
--------------------
--------------------
--------------------
--------------------
--------------------
--------------------
---------00---------
--------------------
-------011110-------
--------0000--------
--------------------
--------------------
--------------------
--------------------
--------------------
--------------------
--------------------
--------------------

Generation = 2, Population = 24.
 
--------------------
--------------------
--------------------
--------------------
--------------------
--------------------
--------------------
---------00---------
--------0110--------
-------00--00-------
------01****10------
---------11---------
--------0000--------
--------------------
--------------------
--------------------
--------------------
--------------------
--------------------
--------------------

Generation = 3, Population = 32.
 
--------------------
--------------------
--------------------
--------------------
--------------------
--------------------
---------00---------
--------------------
---------**---------
--------1001--------
-----01*....*10-----
------000**000------
-------011110-------
--------0000--------
--------------------
--------------------
--------------------
--------------------
--------------------
--------------------

Generation = 4, Population = 28.
 
--------------------
--------------------
--------------------
--------------------
--------------------
---------00---------
--------0110--------
--------------------
---------..---------
-----00-*11*-00-----
----01*......*10----
--------1..1--------
--------------------
---------11---------
--------0000--------
--------------------
--------------------
--------------------
--------------------
--------------------

Generation = 5, Population = 52.
 
--------------------
--------------------
--------------------
--------------------
---------00---------
--------------------
-------01**10-------
--------0000--------
-----00-0**0-00-----
--------.--.--------
---01**.*..*.**10---
----0000-..-0000----
--------****--------
--------------------
-------011110-------
--------0000--------
--------------------
--------------------
--------------------
--------------------

*** Life<Cell> 10x10 ***

Generation = 0, Population = 2.
 
----------
----------
----------
--0-------
--0-------
----------
----------
----------
----------
----------

Generation = 1, Population = 8.
 
----------
----------
--0-------
-010------
-010------
--0-------
----------
----------
----------
----------

Generation = 2, Population = 8.
 
----------
--0-------
--1-------
0---0-----
0---0-----
--1-------
--0-------
----------
----------
----------

Generation = 3, Population = 30.
 
--0-------
-010------
00*00-----
10*010----
10*010----
00*00-----
-010------
--0-------
----------
----------

Generation = 4, Population = 7.
 
--1-------
----------
--.-------
*-.---0---
*-.---0---
--.-------
----------
--1-------
--0-------
----------

*** Life<Cell> 10x10 ***

Generation = 0, Population = 8.
 
----------
----------
----------
--0----0--
--0----0--
--0----0--
--0----0--
----------
----------
----------

Generation = 1, Population = 24.
 
----------
----------
--0----0--
-010--010-
-0-0--0-0-
-0-0--0-0-
-010--010-
--0----0--
----------
----------

Generation = 2, Population = 32.
 
----------
--0----0--
--1----1--
0-*-00-*-0
0-0-00-0-0
0-0-00-0-0
0-*-00-*-0
--1----1--
--0----0--
----------

Generation = 3, Population = 44.
 
--0----0--
-010--010-
00-0000-00
1-*----*-1
----11----
----11----
1-*----*-1
00-0000-00
-010--010-
--0----0--

Generation = 4, Population = 32.
 
--1----1--
--*----*--
----------
*0*----*0*
0-00--00-0
0-00--00-0
*0*----*0*
----------
--*----*--
--1----1--

*** Life<Cell> 10x10 ***

Generation = 0, Population = 2.
 
----------
----------
----------
----------
--0-------
---0------
----------
----------
----------
----------

Generation = 1, Population = 4.
 
----------
----------
----------
--0-------
-0--------
----0-----
---0------
----------
----------
----------

Generation = 2, Population = 8.
 
----------
----------
--0-------
---0------
0---0-----
-0---0----
--0-------
---0------
----------
----------

Generation = 3, Population = 7.
 
----------
--0-------
-0--------
0---------
----------
------0---
-----0----
----0-----
---0------
----------

*** Life<Cell> 10x10 ***

Generation = 0, Population = 3.
 
----------
----------
----------
---0------
--0-0-----
----------
----------
----------
----------
----------

Generation = 1, Population = 6.
 
----------
----------
---0------
----------
-0-0-0----
--0-0-----
----------
----------
----------
----------

Generation = 2, Population = 12.
 
----------
---0------
--0-0-----
-0---0----
0-0-0-0---
---0------
--0-0-----
----------
----------
----------

Generation = 3, Population = 17.
 
---0------
----------
---0------
--0-0-----
-0-0-0-0--
0-0-0-0---
-0-0-0----
--0-0-----
----------
----------

Generation = 4, Population = 8.
 
--0-0-----
----------
----------
-------0--
------0-0-
----------
----------
---0------
--0-0-----
----------

*** Life<Cell> 10x10 ***

Generation = 0, Population = 4.
 
----------
----------
----------
----------
--0-------
--0-------
--0-------
--0-------
----------
----------

Generation = 1, Population = 12.
 
----------
----------
----------
--0-------
-010------
-0-0------
-0-0------
-010------
--0-------
----------

Generation = 2, Population = 16.
 
----------
----------
--0-------
--1-------
0-*-0-----
0-0-0-----
0-0-0-----
0-*-0-----
--1-------
--0-------

Generation = 3, Population = 25.
 
----------
--0-------
-010------
00-00-----
1-*-10----
-----0----
-----0----
1-*-10----
00-00-----
-010------

Generation = 4, Population = 19.
 
--0-------
--1-------
--*-------
----------
*0*0--0---
0-0---0---
0-0---0---
*0*0--0---
----------
----------
