valgrind RunLife

*** Life<ConwayCell> 109x69 ***

Generation = 0, Population = 35.
.....................................................................
.....................................................................
.....................................................................
.....................................................................
.....................................................................
.....................................................................
.....................................................................
.....................................................................
.....................................................................
.....................................................................
.....................................................................
.....................................................................
.....................................................................
.....................................................................
.....................................................................
.....................................................................
.....................................................................
.....................................................................
.....................................................................
.....................................................................
.....................................................................
.....................................................................
.....................................................................
.....................................................................
.....................................................................
.....................................................................
.....................................................................
.....................................................................
.....................................................................
.....................................................................
.....................................................................
.....................................................................
.....................................................................
.....................................................................
..................................*..................................
..................................*..................................
..................................*..................................
..................................*..................................
..................................*..................................
.....................................................................
..................................*..................................
..................................*..................................
..................................*..................................
..................................*..................................
..................................*..................................
.....................................................................
..................................*..................................
..................................*..................................
..................................*..................................
..................................*..................................
..................................*..................................
.....................................................................
..................................*..................................
..................................*..................................
..................................*..................................
..................................*..................................
..................................*..................................
.....................................................................
..................................*..................................
..................................*..................................
..................................*..................................
..................................*..................................
..................................*..................................
.....................................................................
..................................*..................................
..................................*..................................
..................................*..................................
..................................*..................................
..................................*..................................
.....................................................................
..................................*..................................
..................................*..................................
..................................*..................................
..................................*..................................
..................................*..................................
.....................................................................
.....................................................................
.....................................................................
.....................................................................
.....................................................................
.....................................................................
.....................................................................
.....................................................................
.....................................................................
.....................................................................
.....................................................................
.....................................................................
.....................................................................
.....................................................................
.....................................................................
.....................................................................
.....................................................................
.....................................................................
.....................................................................
.....................................................................
.....................................................................
.....................................................................
.....................................................................
.....................................................................
.....................................................................
.....................................................................
.....................................................................
.....................................................................
.....................................................................
.....................................................................
.....................................................................
.....................................................................
.....................................................................
.....................................................................

Generation = 1, Population = 63.
.....................................................................
.....................................................................
.....................................................................
.....................................................................
.....................................................................
.....................................................................
.....................................................................
.....................................................................
.....................................................................
.....................................................................
.....................................................................
.....................................................................
.....................................................................
.....................................................................
.....................................................................
.....................................................................
.....................................................................
.....................................................................
.....................................................................
.....................................................................
.....................................................................
.....................................................................
.....................................................................
.....................................................................
.....................................................................
.....................................................................
.....................................................................
.....................................................................
.....................................................................
.....................................................................
.....................................................................
.....................................................................
.....................................................................
.....................................................................
.....................................................................
.................................***.................................
.................................***.................................
.................................***.................................
.....................................................................
.....................................................................
.....................................................................
.................................***.................................
.................................***.................................
.................................***.................................
.....................................................................
.....................................................................
.....................................................................
.................................***.................................
.................................***.................................
.................................***.................................
.....................................................................
.....................................................................
.....................................................................
.................................***.................................
.................................***.................................
.................................***.................................
.....................................................................
.....................................................................
.....................................................................
.................................***.................................
.................................***.................................
.................................***.................................
.....................................................................
.....................................................................
.....................................................................
.................................***.................................
.................................***.................................
.................................***.................................
.....................................................................
.....................................................................
.....................................................................
.................................***.................................
.................................***.................................
.................................***.................................
.....................................................................
.....................................................................
.....................................................................
.....................................................................
.....................................................................
.....................................................................
.....................................................................
.....................................................................
.....................................................................
.....................................................................
.....................................................................
.....................................................................
.....................................................................
.....................................................................
.....................................................................
.....................................................................
.....................................................................
.....................................................................
.....................................................................
.....................................................................
.....................................................................
.....................................................................
.....................................................................
.....................................................................
.....................................................................
.....................................................................
.....................................................................
.....................................................................
.....................................................................
.....................................................................
.....................................................................
.....................................................................
.....................................................................
.....................................................................
.....................................................................

Generation = 2, Population = 56.
.....................................................................
.....................................................................
.....................................................................
.....................................................................
.....................................................................
.....................................................................
.....................................................................
.....................................................................
.....................................................................
.....................................................................
.....................................................................
.....................................................................
.....................................................................
.....................................................................
.....................................................................
.....................................................................
.....................................................................
.....................................................................
.....................................................................
.....................................................................
.....................................................................
.....................................................................
.....................................................................
.....................................................................
.....................................................................
.....................................................................
.....................................................................
.....................................................................
.....................................................................
.....................................................................
.....................................................................
.....................................................................
.....................................................................
.....................................................................
..................................*..................................
.................................*.*.................................
................................*...*................................
.................................*.*.................................
..................................*..................................
.....................................................................
..................................*..................................
.................................*.*.................................
................................*...*................................
.................................*.*.................................
..................................*..................................
.....................................................................
..................................*..................................
.................................*.*.................................
................................*...*................................
.................................*.*.................................
..................................*..................................
.....................................................................
..................................*..................................
.................................*.*.................................
................................*...*................................
.................................*.*.................................
..................................*..................................
.....................................................................
..................................*..................................
.................................*.*.................................
................................*...*................................
.................................*.*.................................
..................................*..................................
.....................................................................
..................................*..................................
.................................*.*.................................
................................*...*................................
.................................*.*.................................
..................................*..................................
.....................................................................
..................................*..................................
.................................*.*.................................
................................*...*................................
.................................*.*.................................
..................................*..................................
.....................................................................
.....................................................................
.....................................................................
.....................................................................
.....................................................................
.....................................................................
.....................................................................
.....................................................................
.....................................................................
.....................................................................
.....................................................................
.....................................................................
.....................................................................
.....................................................................
.....................................................................
.....................................................................
.....................................................................
.....................................................................
.....................................................................
.....................................................................
.....................................................................
.....................................................................
.....................................................................
.....................................................................
.....................................................................
.....................................................................
.....................................................................
.....................................................................
.....................................................................
.....................................................................
.....................................................................
.....................................................................
.....................................................................
.....................................................................

Generation = 3, Population = 84.
.....................................................................
.....................................................................
.....................................................................
.....................................................................
.....................................................................
.....................................................................
.....................................................................
.....................................................................
.....................................................................
.....................................................................
.....................................................................
.....................................................................
.....................................................................
.....................................................................
.....................................................................
.....................................................................
.....................................................................
.....................................................................
.....................................................................
.....................................................................
.....................................................................
.....................................................................
.....................................................................
.....................................................................
.....................................................................
.....................................................................
.....................................................................
.....................................................................
.....................................................................
.....................................................................
.....................................................................
.....................................................................
.....................................................................
.....................................................................
..................................*..................................
.................................***.................................
................................**.**................................
.................................***.................................
..................................*..................................
.....................................................................
..................................*..................................
.................................***.................................
................................**.**................................
.................................***.................................
..................................*..................................
.....................................................................
..................................*..................................
.................................***.................................
................................**.**................................
.................................***.................................
..................................*..................................
.....................................................................
..................................*..................................
.................................***.................................
................................**.**................................
.................................***.................................
..................................*..................................
.....................................................................
..................................*..................................
.................................***.................................
................................**.**................................
.................................***.................................
..................................*..................................
.....................................................................
..................................*..................................
.................................***.................................
................................**.**................................
.................................***.................................
..................................*..................................
.....................................................................
..................................*..................................
.................................***.................................
................................**.**................................
.................................***.................................
..................................*..................................
.....................................................................
.....................................................................
.....................................................................
.....................................................................
.....................................................................
.....................................................................
.....................................................................
.....................................................................
.....................................................................
.....................................................................
.....................................................................
.....................................................................
.....................................................................
.....................................................................
.....................................................................
.....................................................................
.....................................................................
.....................................................................
.....................................................................
.....................................................................
.....................................................................
.....................................................................
.....................................................................
.....................................................................
.....................................................................
.....................................................................
.....................................................................
.....................................................................
.....................................................................
.....................................................................
.....................................................................
.....................................................................
.....................................................................
.....................................................................

Generation = 4, Population = 84.
.....................................................................
.....................................................................
.....................................................................
.....................................................................
.....................................................................
.....................................................................
.....................................................................
.....................................................................
.....................................................................
.....................................................................
.....................................................................
.....................................................................
.....................................................................
.....................................................................
.....................................................................
.....................................................................
.....................................................................
.....................................................................
.....................................................................
.....................................................................
.....................................................................
.....................................................................
.....................................................................
.....................................................................
.....................................................................
.....................................................................
.....................................................................
.....................................................................
.....................................................................
.....................................................................
.....................................................................
.....................................................................
.....................................................................
.....................................................................
.................................***.................................
................................*...*................................
................................*...*................................
................................*...*................................
.................................***.................................
.....................................................................
.................................***.................................
................................*...*................................
................................*...*................................
................................*...*................................
.................................***.................................
.....................................................................
.................................***.................................
................................*...*................................
................................*...*................................
................................*...*................................
.................................***.................................
.....................................................................
.................................***.................................
................................*...*................................
................................*...*................................
................................*...*................................
.................................***.................................
.....................................................................
.................................***.................................
................................*...*................................
................................*...*................................
................................*...*................................
.................................***.................................
.....................................................................
.................................***.................................
................................*...*................................
................................*...*................................
................................*...*................................
.................................***.................................
.....................................................................
.................................***.................................
................................*...*................................
................................*...*................................
................................*...*................................
.................................***.................................
.....................................................................
.....................................................................
.....................................................................
.....................................................................
.....................................................................
.....................................................................
.....................................................................
.....................................................................
.....................................................................
.....................................................................
.....................................................................
.....................................................................
.....................................................................
.....................................................................
.....................................................................
.....................................................................
.....................................................................
.....................................................................
.....................................................................
.....................................................................
.....................................................................
.....................................................................
.....................................................................
.....................................................................
.....................................................................
.....................................................................
.....................................................................
.....................................................................
.....................................................................
.....................................................................
.....................................................................
.....................................................................
.....................................................................
.....................................................................

Generation = 5, Population = 128.
.....................................................................
.....................................................................
.....................................................................
.....................................................................
.....................................................................
.....................................................................
.....................................................................
.....................................................................
.....................................................................
.....................................................................
.....................................................................
.....................................................................
.....................................................................
.....................................................................
.....................................................................
.....................................................................
.....................................................................
.....................................................................
.....................................................................
.....................................................................
.....................................................................
.....................................................................
.....................................................................
.....................................................................
.....................................................................
.....................................................................
.....................................................................
.....................................................................
.....................................................................
.....................................................................
.....................................................................
.....................................................................
.....................................................................
..................................*..................................
.................................***.................................
................................*.*.*................................
...............................***.***...............................
................................*.*.*................................
.................................***.................................
.....................................................................
.................................***.................................
................................*.*.*................................
...............................***.***...............................
................................*.*.*................................
.................................***.................................
.....................................................................
.................................***.................................
................................*.*.*................................
...............................***.***...............................
................................*.*.*................................
.................................***.................................
.....................................................................
.................................***.................................
................................*.*.*................................
...............................***.***...............................
................................*.*.*................................
.................................***.................................
.....................................................................
.................................***.................................
................................*.*.*................................
...............................***.***...............................
................................*.*.*................................
.................................***.................................
.....................................................................
.................................***.................................
................................*.*.*................................
...............................***.***...............................
................................*.*.*................................
.................................***.................................
.....................................................................
.................................***.................................
................................*.*.*................................
...............................***.***...............................
................................*.*.*................................
.................................***.................................
..................................*..................................
.....................................................................
.....................................................................
.....................................................................
.....................................................................
.....................................................................
.....................................................................
.....................................................................
.....................................................................
.....................................................................
.....................................................................
.....................................................................
.....................................................................
.....................................................................
.....................................................................
.....................................................................
.....................................................................
.....................................................................
.....................................................................
.....................................................................
.....................................................................
.....................................................................
.....................................................................
.....................................................................
.....................................................................
.....................................................................
.....................................................................
.....................................................................
.....................................................................
.....................................................................
.....................................................................
.....................................................................
.....................................................................
.....................................................................

*** Life<ConwayCell> 1x1 ***

Generation = 0, Population = 0.
.

Generation = 1, Population = 0.
.

Generation = 2, Population = 0.
.

Generation = 3, Population = 0.
.

Generation = 4, Population = 0.
.

Generation = 5, Population = 0.
.

*** Life<ConwayCell> 2x2 ***

Generation = 0, Population = 0.
..
..

Generation = 1, Population = 0.
..
..

Generation = 2, Population = 0.
..
..

Generation = 3, Population = 0.
..
..

Generation = 4, Population = 0.
..
..

Generation = 5, Population = 0.
..
..

*** Life<ConwayCell> 1x2 ***

Generation = 0, Population = 1.
*.

Generation = 1, Population = 0.
..

Generation = 2, Population = 0.
..

Generation = 3, Population = 0.
..

Generation = 4, Population = 0.
..

Generation = 5, Population = 0.
..

*** Life<ConwayCell> 1x1 ***

Generation = 0, Population = 1.
*

Generation = 1, Population = 0.
.

Generation = 2, Population = 0.
.

Generation = 3, Population = 0.
.

Generation = 4, Population = 0.
.

Generation = 5, Population = 0.
.

*** Life<ConwayCell> 2x2 ***

Generation = 0, Population = 3.
*.
**

Generation = 1, Population = 4.
**
**

Generation = 2, Population = 4.
**
**

Generation = 3, Population = 4.
**
**

Generation = 4, Population = 4.
**
**

Generation = 5, Population = 4.
**
**

*** Life<ConwayCell> 5x5 ***

Generation = 0, Population = 4.
.....
...*.
..**.
.*...
.....

Generation = 1, Population = 5.
.....
..**.
..**.
..*..
.....

Generation = 2, Population = 5.
.....
..**.
.*...
..**.
.....

Generation = 3, Population = 3.
.....
..*..
.*...
..*..
.....

Generation = 4, Population = 2.
.....
.....
.**..
.....
.....

Generation = 5, Population = 0.
.....
.....
.....
.....
.....

*** Life<ConwayCell> 30x30 ***

Generation = 0, Population = 7.
..............................
..............................
..............................
..............................
..............................
..............................
..............................
..............................
..............................
..............................
..............................
..............................
..............................
..............................
...............*..............
..............***.............
..............*.*.............
...............*..............
..............................
..............................
..............................
..............................
..............................
..............................
..............................
..............................
..............................
..............................
..............................
..............................

Generation = 1, Population = 8.
..............................
..............................
..............................
..............................
..............................
..............................
..............................
..............................
..............................
..............................
..............................
..............................
..............................
..............................
..............***.............
..............*.*.............
..............*.*.............
...............*..............
..............................
..............................
..............................
..............................
..............................
..............................
..............................
..............................
..............................
..............................
..............................
..............................

Generation = 2, Population = 10.
..............................
..............................
..............................
..............................
..............................
..............................
..............................
..............................
..............................
..............................
..............................
..............................
..............................
...............*..............
..............*.*.............
.............**.**............
..............*.*.............
...............*..............
..............................
..............................
..............................
..............................
..............................
..............................
..............................
..............................
..............................
..............................
..............................
..............................

Generation = 3, Population = 14.
..............................
..............................
..............................
..............................
..............................
..............................
..............................
..............................
..............................
..............................
..............................
..............................
..............................
...............*..............
.............**.**............
.............**.**............
.............**.**............
...............*..............
..............................
..............................
..............................
..............................
..............................
..............................
..............................
..............................
..............................
..............................
..............................
..............................

Generation = 4, Population = 12.
..............................
..............................
..............................
..............................
..............................
..............................
..............................
..............................
..............................
..............................
..............................
..............................
..............................
..............***.............
.............*...*............
............*.....*...........
.............*...*............
..............***.............
..............................
..............................
..............................
..............................
..............................
..............................
..............................
..............................
..............................
..............................
..............................
..............................

Generation = 5, Population = 22.
..............................
..............................
..............................
..............................
..............................
..............................
..............................
..............................
..............................
..............................
..............................
..............................
...............*..............
..............***.............
.............*****............
............**...**...........
.............*****............
..............***.............
...............*..............
..............................
..............................
..............................
..............................
..............................
..............................
..............................
..............................
..............................
..............................
..............................

*** Life<FredkinCell> 20x20 ***

Generation = 0, Population = 6.
--------------------
--------------------
--------------------
--------------------
--------------------
--------------------
--------------------
--------------------
--------------------
---------00---------
--------0000--------
--------------------
--------------------
--------------------
--------------------
--------------------
--------------------
--------------------
--------------------
--------------------

Generation = 1, Population = 12.
--------------------
--------------------
--------------------
--------------------
--------------------
--------------------
--------------------
--------------------
---------00---------
--------------------
-------011110-------
--------0000--------
--------------------
--------------------
--------------------
--------------------
--------------------
--------------------
--------------------
--------------------

Generation = 2, Population = 24.
--------------------
--------------------
--------------------
--------------------
--------------------
--------------------
--------------------
---------00---------
--------0110--------
-------00--00-------
------01222210------
---------11---------
--------0000--------
--------------------
--------------------
--------------------
--------------------
--------------------
--------------------
--------------------

Generation = 3, Population = 36.
--------------------
--------------------
--------------------
--------------------
--------------------
--------------------
---------00---------
--------------------
---------22---------
--------1001--------
-----0123333210-----
------00022000------
-------011110-------
--------0000--------
--------------------
--------------------
--------------------
--------------------
--------------------
--------------------

Generation = 4, Population = 24.
--------------------
--------------------
--------------------
--------------------
--------------------
---------00---------
--------0110--------
--------------------
--------------------
-----00------00-----
----0123----3210----
--------------------
--------------------
---------11---------
--------0000--------
--------------------
--------------------
--------------------
--------------------
--------------------

Generation = 5, Population = 48.
--------------------
--------------------
--------------------
--------------------
---------00---------
--------------------
-------012210-------
--------0000--------
-----00------00-----
--------------------
---012343--343210---
----0000----0000----
---------11---------
--------------------
-------011110-------
--------0000--------
--------------------
--------------------
--------------------
--------------------

*** Life<FredkinCell> 5x5 ***

Generation = 0, Population = 0.
-----
-----
-----
-----
-----

Generation = 1, Population = 0.
-----
-----
-----
-----
-----

Generation = 2, Population = 0.
-----
-----
-----
-----
-----

Generation = 3, Population = 0.
-----
-----
-----
-----
-----

Generation = 4, Population = 0.
-----
-----
-----
-----
-----

Generation = 5, Population = 0.
-----
-----
-----
-----
-----

*** Life<FredkinCell> 5x5 ***

Generation = 0, Population = 11.
0-0-0
-0-0-
0-0-0
-000-
-----

Generation = 1, Population = 11.
-0-0-
0---0
--1--
-111-
-000-

Generation = 2, Population = 9.
-----
--0--
0-2-0
0---0
0-1-0

Generation = 3, Population = 13.
--0--
00100
1-3-1
-1-1-
1---1

Generation = 4, Population = 9.
0-1-0
-----
2-4-2
0-1-0
-----

Generation = 5, Population = 9.
-----
-----
3-5-3
1-2-1
1-1-1

*** Life<FredkinCell> 1x1 ***

Generation = 0, Population = 1.
0

Generation = 1, Population = 0.
-

Generation = 2, Population = 0.
-

Generation = 3, Population = 0.
-

Generation = 4, Population = 0.
-

Generation = 5, Population = 0.
-

*** Life<FredkinCell> 1x2 ***

Generation = 0, Population = 1.
0-

Generation = 1, Population = 1.
-0

Generation = 2, Population = 1.
0-

Generation = 3, Population = 1.
-0

Generation = 4, Population = 1.
0-

Generation = 5, Population = 1.
-0

*** Life<FredkinCell> 2x2 ***

Generation = 0, Population = 2.
00
--

Generation = 1, Population = 4.
11
00

Generation = 2, Population = 0.
--
--

Generation = 3, Population = 0.
--
--

Generation = 4, Population = 0.
--
--

Generation = 5, Population = 0.
--
--

*** Life<Cell> 20x20 ***

Generation = 0, Population = 6.
--------------------
--------------------
--------------------
--------------------
--------------------
--------------------
--------------------
--------------------
--------------------
---------00---------
--------0000--------
--------------------
--------------------
--------------------
--------------------
--------------------
--------------------
--------------------
--------------------
--------------------

Generation = 1, Population = 12.
--------------------
--------------------
--------------------
--------------------
--------------------
--------------------
--------------------
--------------------
---------00---------
--------------------
-------011110-------
--------0000--------
--------------------
--------------------
--------------------
--------------------
--------------------
--------------------
--------------------
--------------------

Generation = 2, Population = 24.
--------------------
--------------------
--------------------
--------------------
--------------------
--------------------
--------------------
---------00---------
--------0110--------
-------00--00-------
------01....10------
---------11---------
--------0000--------
--------------------
--------------------
--------------------
--------------------
--------------------
--------------------
--------------------

Generation = 3, Population = 28.
--------------------
--------------------
--------------------
--------------------
--------------------
--------------------
---------00---------
--------------------
---------..---------
--------------------
-----01-.**.-10-----
------00----00------
-------011110-------
--------0000--------
--------------------
--------------------
--------------------
--------------------
--------------------
--------------------

Generation = 4, Population = 34.
--------------------
--------------------
--------------------
--------------------
--------------------
---------00---------
--------0110--------
---------00---------
---------..---------
-----00--00--00-----
----01--....--10----
--------------------
--------....--------
---------11---------
--------0000--------
--------------------
--------------------
--------------------
--------------------
--------------------

Generation = 5, Population = 46.
--------------------
--------------------
--------------------
--------------------
---------00---------
--------------------
-------01--10-------
--------------------
-----00--..--00-----
------10011001------
---01---....---10---
----00--------00----
--------....--------
--------------------
-------011110-------
--------0000--------
--------------------
--------------------
--------------------
--------------------

*** Life<Cell> 5x5 ***

Generation = 0, Population = 0.
-----
-----
-----
-----
-----

Generation = 1, Population = 0.
-----
-----
-----
-----
-----

Generation = 2, Population = 0.
-----
-----
-----
-----
-----

Generation = 3, Population = 0.
-----
-----
-----
-----
-----

Generation = 4, Population = 0.
-----
-----
-----
-----
-----

Generation = 5, Population = 0.
-----
-----
-----
-----
-----

*** Life<Cell> 5x5 ***

Generation = 0, Population = 11.
0-0-0
-0-0-
0-0-0
-000-
-----

Generation = 1, Population = 11.
-0-0-
0---0
--1--
-111-
-000-

Generation = 2, Population = 9.
-----
--0--
0-.-0
0---0
0-1-0

Generation = 3, Population = 15.
--0--
00-00
10.01
-111-
1---1

Generation = 4, Population = 9.
0---0
--0--
-1.1-
0---0
--1--

Generation = 5, Population = 12.
-000-
0---0
--*--
--1--
10-01

*** Life<Cell> 1x1 ***

Generation = 0, Population = 1.
0

Generation = 1, Population = 0.
-

Generation = 2, Population = 0.
-

Generation = 3, Population = 0.
-

Generation = 4, Population = 0.
-

Generation = 5, Population = 0.
-

*** Life<Cell> 1x2 ***

Generation = 0, Population = 1.
0-

Generation = 1, Population = 1.
-0

Generation = 2, Population = 1.
0-

Generation = 3, Population = 1.
-0

Generation = 4, Population = 1.
0-

Generation = 5, Population = 1.
-0

*** Life<Cell> 2x2 ***

Generation = 0, Population = 2.
00
--

Generation = 1, Population = 4.
11
00

Generation = 2, Population = 0.
--
--

Generation = 3, Population = 0.
--
--

Generation = 4, Population = 0.
--
--

Generation = 5, Population = 0.
--
--
