*** Life<ConwayCell> 109x69 ***

Generation = 0, Population = 35
.....................................................................
.....................................................................
.....................................................................
.....................................................................
.....................................................................
.....................................................................
.....................................................................
.....................................................................
.....................................................................
.....................................................................
.....................................................................
.....................................................................
.....................................................................
.....................................................................
.....................................................................
.....................................................................
.....................................................................
.....................................................................
.....................................................................
.....................................................................
.....................................................................
.....................................................................
.....................................................................
.....................................................................
.....................................................................
.....................................................................
.....................................................................
.....................................................................
.....................................................................
.....................................................................
.....................................................................
.....................................................................
.....................................................................
.....................................................................
..................................*..................................
..................................*..................................
..................................*..................................
..................................*..................................
..................................*..................................
.....................................................................
..................................*..................................
..................................*..................................
..................................*..................................
..................................*..................................
..................................*..................................
.....................................................................
..................................*..................................
..................................*..................................
..................................*..................................
..................................*..................................
..................................*..................................
.....................................................................
..................................*..................................
..................................*..................................
..................................*..................................
..................................*..................................
..................................*..................................
.....................................................................
..................................*..................................
..................................*..................................
..................................*..................................
..................................*..................................
..................................*..................................
.....................................................................
..................................*..................................
..................................*..................................
..................................*..................................
..................................*..................................
..................................*..................................
.....................................................................
..................................*..................................
..................................*..................................
..................................*..................................
..................................*..................................
..................................*..................................
.....................................................................
.....................................................................
.....................................................................
.....................................................................
.....................................................................
.....................................................................
.....................................................................
.....................................................................
.....................................................................
.....................................................................
.....................................................................
.....................................................................
.....................................................................
.....................................................................
.....................................................................
.....................................................................
.....................................................................
.....................................................................
.....................................................................
.....................................................................
.....................................................................
.....................................................................
.....................................................................
.....................................................................
.....................................................................
.....................................................................
.....................................................................
.....................................................................
.....................................................................
.....................................................................
.....................................................................
.....................................................................
.....................................................................
.....................................................................


Generation = 1, Population = 63
.....................................................................
.....................................................................
.....................................................................
.....................................................................
.....................................................................
.....................................................................
.....................................................................
.....................................................................
.....................................................................
.....................................................................
.....................................................................
.....................................................................
.....................................................................
.....................................................................
.....................................................................
.....................................................................
.....................................................................
.....................................................................
.....................................................................
.....................................................................
.....................................................................
.....................................................................
.....................................................................
.....................................................................
.....................................................................
.....................................................................
.....................................................................
.....................................................................
.....................................................................
.....................................................................
.....................................................................
.....................................................................
.....................................................................
.....................................................................
.....................................................................
.................................***.................................
.................................***.................................
.................................***.................................
.....................................................................
.....................................................................
.....................................................................
.................................***.................................
.................................***.................................
.................................***.................................
.....................................................................
.....................................................................
.....................................................................
.................................***.................................
.................................***.................................
.................................***.................................
.....................................................................
.....................................................................
.....................................................................
.................................***.................................
.................................***.................................
.................................***.................................
.....................................................................
.....................................................................
.....................................................................
.................................***.................................
.................................***.................................
.................................***.................................
.....................................................................
.....................................................................
.....................................................................
.................................***.................................
.................................***.................................
.................................***.................................
.....................................................................
.....................................................................
.....................................................................
.................................***.................................
.................................***.................................
.................................***.................................
.....................................................................
.....................................................................
.....................................................................
.....................................................................
.....................................................................
.....................................................................
.....................................................................
.....................................................................
.....................................................................
.....................................................................
.....................................................................
.....................................................................
.....................................................................
.....................................................................
.....................................................................
.....................................................................
.....................................................................
.....................................................................
.....................................................................
.....................................................................
.....................................................................
.....................................................................
.....................................................................
.....................................................................
.....................................................................
.....................................................................
.....................................................................
.....................................................................
.....................................................................
.....................................................................
.....................................................................
.....................................................................
.....................................................................
.....................................................................
.....................................................................


Generation = 2, Population = 56
.....................................................................
.....................................................................
.....................................................................
.....................................................................
.....................................................................
.....................................................................
.....................................................................
.....................................................................
.....................................................................
.....................................................................
.....................................................................
.....................................................................
.....................................................................
.....................................................................
.....................................................................
.....................................................................
.....................................................................
.....................................................................
.....................................................................
.....................................................................
.....................................................................
.....................................................................
.....................................................................
.....................................................................
.....................................................................
.....................................................................
.....................................................................
.....................................................................
.....................................................................
.....................................................................
.....................................................................
.....................................................................
.....................................................................
.....................................................................
..................................*..................................
.................................*.*.................................
................................*...*................................
.................................*.*.................................
..................................*..................................
.....................................................................
..................................*..................................
.................................*.*.................................
................................*...*................................
.................................*.*.................................
..................................*..................................
.....................................................................
..................................*..................................
.................................*.*.................................
................................*...*................................
.................................*.*.................................
..................................*..................................
.....................................................................
..................................*..................................
.................................*.*.................................
................................*...*................................
.................................*.*.................................
..................................*..................................
.....................................................................
..................................*..................................
.................................*.*.................................
................................*...*................................
.................................*.*.................................
..................................*..................................
.....................................................................
..................................*..................................
.................................*.*.................................
................................*...*................................
.................................*.*.................................
..................................*..................................
.....................................................................
..................................*..................................
.................................*.*.................................
................................*...*................................
.................................*.*.................................
..................................*..................................
.....................................................................
.....................................................................
.....................................................................
.....................................................................
.....................................................................
.....................................................................
.....................................................................
.....................................................................
.....................................................................
.....................................................................
.....................................................................
.....................................................................
.....................................................................
.....................................................................
.....................................................................
.....................................................................
.....................................................................
.....................................................................
.....................................................................
.....................................................................
.....................................................................
.....................................................................
.....................................................................
.....................................................................
.....................................................................
.....................................................................
.....................................................................
.....................................................................
.....................................................................
.....................................................................
.....................................................................
.....................................................................
.....................................................................
.....................................................................


Generation = 3, Population = 84
.....................................................................
.....................................................................
.....................................................................
.....................................................................
.....................................................................
.....................................................................
.....................................................................
.....................................................................
.....................................................................
.....................................................................
.....................................................................
.....................................................................
.....................................................................
.....................................................................
.....................................................................
.....................................................................
.....................................................................
.....................................................................
.....................................................................
.....................................................................
.....................................................................
.....................................................................
.....................................................................
.....................................................................
.....................................................................
.....................................................................
.....................................................................
.....................................................................
.....................................................................
.....................................................................
.....................................................................
.....................................................................
.....................................................................
.....................................................................
..................................*..................................
.................................***.................................
................................**.**................................
.................................***.................................
..................................*..................................
.....................................................................
..................................*..................................
.................................***.................................
................................**.**................................
.................................***.................................
..................................*..................................
.....................................................................
..................................*..................................
.................................***.................................
................................**.**................................
.................................***.................................
..................................*..................................
.....................................................................
..................................*..................................
.................................***.................................
................................**.**................................
.................................***.................................
..................................*..................................
.....................................................................
..................................*..................................
.................................***.................................
................................**.**................................
.................................***.................................
..................................*..................................
.....................................................................
..................................*..................................
.................................***.................................
................................**.**................................
.................................***.................................
..................................*..................................
.....................................................................
..................................*..................................
.................................***.................................
................................**.**................................
.................................***.................................
..................................*..................................
.....................................................................
.....................................................................
.....................................................................
.....................................................................
.....................................................................
.....................................................................
.....................................................................
.....................................................................
.....................................................................
.....................................................................
.....................................................................
.....................................................................
.....................................................................
.....................................................................
.....................................................................
.....................................................................
.....................................................................
.....................................................................
.....................................................................
.....................................................................
.....................................................................
.....................................................................
.....................................................................
.....................................................................
.....................................................................
.....................................................................
.....................................................................
.....................................................................
.....................................................................
.....................................................................
.....................................................................
.....................................................................
.....................................................................
.....................................................................


Generation = 4, Population = 84
.....................................................................
.....................................................................
.....................................................................
.....................................................................
.....................................................................
.....................................................................
.....................................................................
.....................................................................
.....................................................................
.....................................................................
.....................................................................
.....................................................................
.....................................................................
.....................................................................
.....................................................................
.....................................................................
.....................................................................
.....................................................................
.....................................................................
.....................................................................
.....................................................................
.....................................................................
.....................................................................
.....................................................................
.....................................................................
.....................................................................
.....................................................................
.....................................................................
.....................................................................
.....................................................................
.....................................................................
.....................................................................
.....................................................................
.....................................................................
.................................***.................................
................................*...*................................
................................*...*................................
................................*...*................................
.................................***.................................
.....................................................................
.................................***.................................
................................*...*................................
................................*...*................................
................................*...*................................
.................................***.................................
.....................................................................
.................................***.................................
................................*...*................................
................................*...*................................
................................*...*................................
.................................***.................................
.....................................................................
.................................***.................................
................................*...*................................
................................*...*................................
................................*...*................................
.................................***.................................
.....................................................................
.................................***.................................
................................*...*................................
................................*...*................................
................................*...*................................
.................................***.................................
.....................................................................
.................................***.................................
................................*...*................................
................................*...*................................
................................*...*................................
.................................***.................................
.....................................................................
.................................***.................................
................................*...*................................
................................*...*................................
................................*...*................................
.................................***.................................
.....................................................................
.....................................................................
.....................................................................
.....................................................................
.....................................................................
.....................................................................
.....................................................................
.....................................................................
.....................................................................
.....................................................................
.....................................................................
.....................................................................
.....................................................................
.....................................................................
.....................................................................
.....................................................................
.....................................................................
.....................................................................
.....................................................................
.....................................................................
.....................................................................
.....................................................................
.....................................................................
.....................................................................
.....................................................................
.....................................................................
.....................................................................
.....................................................................
.....................................................................
.....................................................................
.....................................................................
.....................................................................
.....................................................................
.....................................................................


Generation = 5, Population = 128
.....................................................................
.....................................................................
.....................................................................
.....................................................................
.....................................................................
.....................................................................
.....................................................................
.....................................................................
.....................................................................
.....................................................................
.....................................................................
.....................................................................
.....................................................................
.....................................................................
.....................................................................
.....................................................................
.....................................................................
.....................................................................
.....................................................................
.....................................................................
.....................................................................
.....................................................................
.....................................................................
.....................................................................
.....................................................................
.....................................................................
.....................................................................
.....................................................................
.....................................................................
.....................................................................
.....................................................................
.....................................................................
.....................................................................
..................................*..................................
.................................***.................................
................................*.*.*................................
...............................***.***...............................
................................*.*.*................................
.................................***.................................
.....................................................................
.................................***.................................
................................*.*.*................................
...............................***.***...............................
................................*.*.*................................
.................................***.................................
.....................................................................
.................................***.................................
................................*.*.*................................
...............................***.***...............................
................................*.*.*................................
.................................***.................................
.....................................................................
.................................***.................................
................................*.*.*................................
...............................***.***...............................
................................*.*.*................................
.................................***.................................
.....................................................................
.................................***.................................
................................*.*.*................................
...............................***.***...............................
................................*.*.*................................
.................................***.................................
.....................................................................
.................................***.................................
................................*.*.*................................
...............................***.***...............................
................................*.*.*................................
.................................***.................................
.....................................................................
.................................***.................................
................................*.*.*................................
...............................***.***...............................
................................*.*.*................................
.................................***.................................
..................................*..................................
.....................................................................
.....................................................................
.....................................................................
.....................................................................
.....................................................................
.....................................................................
.....................................................................
.....................................................................
.....................................................................
.....................................................................
.....................................................................
.....................................................................
.....................................................................
.....................................................................
.....................................................................
.....................................................................
.....................................................................
.....................................................................
.....................................................................
.....................................................................
.....................................................................
.....................................................................
.....................................................................
.....................................................................
.....................................................................
.....................................................................
.....................................................................
.....................................................................
.....................................................................
.....................................................................
.....................................................................
.....................................................................
.....................................................................

*** Life<ConwayCell> 10x10 ***

Generation = 0, Population = 0
..........
..........
..........
..........
..........
..........
..........
..........
..........
..........


Generation = 1, Population = 0
..........
..........
..........
..........
..........
..........
..........
..........
..........
..........


Generation = 2, Population = 0
..........
..........
..........
..........
..........
..........
..........
..........
..........
..........


Generation = 3, Population = 0
..........
..........
..........
..........
..........
..........
..........
..........
..........
..........


Generation = 4, Population = 0
..........
..........
..........
..........
..........
..........
..........
..........
..........
..........


Generation = 5, Population = 0
..........
..........
..........
..........
..........
..........
..........
..........
..........
..........

*** Life<ConwayCell> 5x5 ***

Generation = 0, Population = 25
*****
*****
*****
*****
*****


Generation = 1, Population = 4
*...*
.....
.....
.....
*...*


Generation = 2, Population = 0
.....
.....
.....
.....
.....


Generation = 3, Population = 0
.....
.....
.....
.....
.....


Generation = 4, Population = 0
.....
.....
.....
.....
.....


Generation = 5, Population = 0
.....
.....
.....
.....
.....

*** Life<ConwayCell> 7x7 ***

Generation = 0, Population = 4
*.....*
.......
.......
.......
.......
.......
*.....*


Generation = 1, Population = 0
.......
.......
.......
.......
.......
.......
.......


Generation = 2, Population = 0
.......
.......
.......
.......
.......
.......
.......


Generation = 3, Population = 0
.......
.......
.......
.......
.......
.......
.......


Generation = 4, Population = 0
.......
.......
.......
.......
.......
.......
.......


Generation = 5, Population = 0
.......
.......
.......
.......
.......
.......
.......

*** Life<ConwayCell> 9x9 ***

Generation = 0, Population = 5
.........
.........
.........
.........
....*....
.....*...
...*.....
....*....
...*.....


Generation = 1, Population = 4
.........
.........
.........
.........
.........
....*....
....*....
...**....
.........


Generation = 2, Population = 4
.........
.........
.........
.........
.........
.........
....**...
...**....
.........


Generation = 3, Population = 6
.........
.........
.........
.........
.........
.........
...***...
...***...
.........


Generation = 4, Population = 6
.........
.........
.........
.........
.........
....*....
...*.*...
...*.*...
....*....


Generation = 5, Population = 6
.........
.........
.........
.........
.........
....*....
...*.*...
...*.*...
....*....

*** Life<FredkinCell> 20x20 ***

Generation = 0, Population = 4
--------------------
--------------------
--------------------
--------------------
--------------------
--------------------
--------------------
--------------------
--------------------
---------00---------
---------00---------
--------------------
--------------------
--------------------
--------------------
--------------------
--------------------
--------------------
--------------------
--------------------


Generation = 1, Population = 8
--------------------
--------------------
--------------------
--------------------
--------------------
--------------------
--------------------
--------------------
---------00---------
--------0--0--------
--------0--0--------
---------00---------
--------------------
--------------------
--------------------
--------------------
--------------------
--------------------
--------------------
--------------------


Generation = 2, Population = 16
--------------------
--------------------
--------------------
--------------------
--------------------
--------------------
--------------------
---------00---------
---------11---------
-------01--10-------
-------01--10-------
---------11---------
---------00---------
--------------------
--------------------
--------------------
--------------------
--------------------
--------------------
--------------------


Generation = 3, Population = 16
--------------------
--------------------
--------------------
--------------------
--------------------
--------------------
---------00---------
--------0--0--------
-------0----0-------
------0------0------
------0------0------
-------0----0-------
--------0--0--------
---------00---------
--------------------
--------------------
--------------------
--------------------
--------------------
--------------------


Generation = 4, Population = 16
--------------------
--------------------
--------------------
--------------------
--------------------
---------00---------
---------11---------
--------------------
--------------------
-----01------10-----
-----01------10-----
--------------------
--------------------
---------11---------
---------00---------
--------------------
--------------------
--------------------
--------------------
--------------------


Generation = 5, Population = 32
--------------------
--------------------
--------------------
--------------------
---------00---------
--------0--0--------
--------0--0--------
---------00---------
-----00------00-----
----0--0----0--0----
----0--0----0--0----
-----00------00-----
---------00---------
--------0--0--------
--------0--0--------
---------00---------
--------------------
--------------------
--------------------
--------------------

*** Life<FredkinCell> 10x10 ***

Generation = 0, Population = 0
----------
----------
----------
----------
----------
----------
----------
----------
----------
----------


Generation = 1, Population = 0
----------
----------
----------
----------
----------
----------
----------
----------
----------
----------


Generation = 2, Population = 0
----------
----------
----------
----------
----------
----------
----------
----------
----------
----------


Generation = 3, Population = 0
----------
----------
----------
----------
----------
----------
----------
----------
----------
----------


Generation = 4, Population = 0
----------
----------
----------
----------
----------
----------
----------
----------
----------
----------


Generation = 5, Population = 0
----------
----------
----------
----------
----------
----------
----------
----------
----------
----------

*** Life<FredkinCell> 1x1 ***

Generation = 0, Population = 1
0


Generation = 1, Population = 0
-


Generation = 2, Population = 0
-


Generation = 3, Population = 0
-


Generation = 4, Population = 0
-


Generation = 5, Population = 0
-

*** Life<FredkinCell> 6x6 ***

Generation = 0, Population = 6
0-----
0-----
0-----
0-----
0-----
0-----


Generation = 1, Population = 8
00----
-0----
-0----
-0----
-0----
10----


Generation = 2, Population = 10
0-0---
--0---
0-0---
0-0---
--0---
2-0---


Generation = 3, Population = 12
--10--
-0-0--
1--0--
1--0--
-0-0--
--10--


Generation = 4, Population = 14
--2-0-
--0-0-
2-0-0-
2-0-0-
--0-0-
--2-0-


Generation = 5, Population = 18
-03-10
00---0
3----0
3----0
00---0
-03-10

*** Life<FredkinCell> 9x9 ***

Generation = 0, Population = 4
0-------0
---------
---------
---------
---------
---------
---------
---------
0-------0


Generation = 1, Population = 8
-0-----0-
0-------0
---------
---------
---------
---------
---------
0-------0
-0-----0-


Generation = 2, Population = 8
--0---0--
---------
0-------0
---------
---------
---------
0-------0
---------
--0---0--


Generation = 3, Population = 24
-0-0-0-0-
0-0---0-0
-0-----0-
0-------0
---------
0-------0
-0-----0-
0-0---0-0
-0-0-0-0-


Generation = 4, Population = 8
--0---0--
---------
0-------0
---------
---------
---------
0-------0
---------
--0---0--


Generation = 5, Population = 24
-0-0-0-0-
0-0---0-0
-0-----0-
0-------0
---------
0-------0
-0-----0-
0-0---0-0
-0-0-0-0-

*** Life<Cell> 20x20 ***

Generation = 0, Population = 6
--------------------
--------------------
--------------------
--------------------
--------------------
--------------------
--------------------
--------------------
--------------------
---------00---------
--------0001--------
--------------------
--------------------
--------------------
--------------------
--------------------
--------------------
--------------------
--------------------
--------------------


Generation = 1, Population = 12
--------------------
--------------------
--------------------
--------------------
--------------------
--------------------
--------------------
--------------------
---------00---------
--------------------
-------0111*1-------
--------0000--------
--------------------
--------------------
--------------------
--------------------
--------------------
--------------------
--------------------
--------------------


Generation = 2, Population = 23
--------------------
--------------------
--------------------
--------------------
--------------------
--------------------
--------------------
---------00---------
--------0110--------
-------00--10-------
------01***.*0------
---------11---------
--------0110--------
--------------------
--------------------
--------------------
--------------------
--------------------
--------------------
--------------------


Generation = 3, Population = 30
--------------------
--------------------
--------------------
--------------------
--------------------
--------------------
---------00---------
--------------------
---------**---------
--------100---------
-----01*....*10-----
------000**-00------
-------01**10-------
--------0000--------
--------------------
--------------------
--------------------
--------------------
--------------------
--------------------


Generation = 4, Population = 33
--------------------
--------------------
--------------------
--------------------
--------------------
---------00---------
--------+11+--------
--------------------
---------.*0--------
-----00-*1-1000-----
----01*.....**10----
--------1..01-------
---------..*--------
---------11---------
--------1001--------
--------------------
--------------------
--------------------
--------------------
--------------------


Generation = 5, Population = 51
--------------------
--------------------
--------------------
--------------------
---------00---------
--------------------
-------++**+0-------
--------00----------
-----00-0**--00-----
--------.*0-11------
---01**.***...*10---
----0000-..---10----
--------1*.*--------
-----------0--------
-------0*11*0-------
--------0000--------
--------------------
--------------------
--------------------
--------------------

*** Life<Cell> 20x20 ***

Generation = 0, Population = 18
--------------------
--------------------
---------00---------
--------0000--------
--------------------
--------------------
--------------------
--------------------
--------------------
---------00---------
--------0002--------
--------------------
--------------------
--------------------
--------------------
--------------------
---------00---------
--------0000--------
--------------------
--------------------


Generation = 1, Population = 36
--------------------
---------++---------
--------------------
-------011110-------
--------0110--------
--------------------
----------.---------
--------------------
---------00---------
--------------------
-----.-011130-------
--------0000--------
--------.-----------
--------------------
--------------------
---------11---------
--------------------
-------011110-------
--------0000--------
--------------------


Generation = 2, Population = 71
---------00---------
--------++++--------
-------00--00-------
------01****10------
---------**---------
--------+000--------
----------.---------
---------10---------
--------0110--------
-------00--10-------
-----.01***410------
---------11---------
--------.000--------
--------------------
---------00---------
--------0**0--------
-------00--00-------
------01****10------
---------11---------
--------0000--------


Generation = 3, Population = 73
--------------------
---------++---------
--------1001--------
-----01*....*10-----
------000..000------
-------++1110-------
--------+-.+--------
--------------------
---------**---------
--------100*--------
-----.1*...5*10-----
------00-**000------
--------.-110-------
-----------0--------
--------------------
---------..---------
--------1001--------
-----01*....*10-----
------000**000------
-------011110-------


Generation = 4, Population = 60
---------00---------
--------------------
-----00-*11*-00-----
----01*......*10----
---------..---------
--------------------
--------+-.+--------
--------0100--------
---------..---------
------0-*11.-00-----
-----.-....6.*10----
-----0---*.---------
------00.-----------
-----------1--------
-----------0--------
--------0**0--------
-----00-*--*-00-----
----01*......*10----
--------1..1--------
--------****--------


Generation = 5, Population = 103
--------0110--------
-----00-+--+-0+-----
--------.--.--------
---01***.**.***10---
----000--..--000----
--------+--1--------
-------++-.+1-------
-------0----0-------
------0--..0-00-----
-----0--.-*.0-------
-----.1.*..-***10---
----0--00..0-010----
------11.0-1--------
------00--1*0-------
--------00--0-------
-----000-*.1000-----
--------*--*--------
---01**......**10---
----0000*..*0000----
-------0****0-------

*** Life<Cell> 10x10 ***

Generation = 0, Population = 0
----------
----------
----------
----------
----------
----------
----------
----------
----------
----------


Generation = 1, Population = 0
----------
----------
----------
----------
----------
----------
----------
----------
----------
----------


Generation = 2, Population = 0
----------
----------
----------
----------
----------
----------
----------
----------
----------
----------


Generation = 3, Population = 0
----------
----------
----------
----------
----------
----------
----------
----------
----------
----------


Generation = 4, Population = 0
----------
----------
----------
----------
----------
----------
----------
----------
----------
----------


Generation = 5, Population = 0
----------
----------
----------
----------
----------
----------
----------
----------
----------
----------

*** Life<Cell> 7x7 ***

Generation = 0, Population = 4
0-----0
-------
-------
-------
-------
-------
0-----0


Generation = 1, Population = 8
-0---0-
0-----0
-------
-------
-------
0-----0
-0---0-


Generation = 2, Population = 8
--0-0--
-------
0-----0
-------
0-----0
-------
--0-1--


Generation = 3, Population = 16
-0---0-
0-0-0-0
-0---0-
-------
-0---0-
0-0-0-0
-0---0-


Generation = 4, Population = 0
-------
-------
-------
-------
-------
-------
-------


Generation = 5, Population = 0
-------
-------
-------
-------
-------
-------
-------

*** Life<Cell> 1x1 ***

Generation = 0, Population = 1
0


Generation = 1, Population = 0
-


Generation = 2, Population = 0
-


Generation = 3, Population = 0
-


Generation = 4, Population = 0
-


Generation = 5, Population = 0
-

