Life<ConwayCell> 109x69 ***
Generation = 0 Population = 35
.....................................................................
.....................................................................
.....................................................................
.....................................................................
.....................................................................
.....................................................................
.....................................................................
.....................................................................
.....................................................................
.....................................................................
.....................................................................
.....................................................................
.....................................................................
.....................................................................
.....................................................................
.....................................................................
.....................................................................
.....................................................................
.....................................................................
.....................................................................
.....................................................................
.....................................................................
.....................................................................
.....................................................................
.....................................................................
.....................................................................
.....................................................................
.....................................................................
.....................................................................
.....................................................................
.....................................................................
.....................................................................
.....................................................................
.....................................................................
..................................*..................................
..................................*..................................
..................................*..................................
..................................*..................................
..................................*..................................
.....................................................................
..................................*..................................
..................................*..................................
..................................*..................................
..................................*..................................
..................................*..................................
.....................................................................
..................................*..................................
..................................*..................................
..................................*..................................
..................................*..................................
..................................*..................................
.....................................................................
..................................*..................................
..................................*..................................
..................................*..................................
..................................*..................................
..................................*..................................
.....................................................................
..................................*..................................
..................................*..................................
..................................*..................................
..................................*..................................
..................................*..................................
.....................................................................
..................................*..................................
..................................*..................................
..................................*..................................
..................................*..................................
..................................*..................................
.....................................................................
..................................*..................................
..................................*..................................
..................................*..................................
..................................*..................................
..................................*..................................
.....................................................................
.....................................................................
.....................................................................
.....................................................................
.....................................................................
.....................................................................
.....................................................................
.....................................................................
.....................................................................
.....................................................................
.....................................................................
.....................................................................
.....................................................................
.....................................................................
.....................................................................
.....................................................................
.....................................................................
.....................................................................
.....................................................................
.....................................................................
.....................................................................
.....................................................................
.....................................................................
.....................................................................
.....................................................................
.....................................................................
.....................................................................
.....................................................................
.....................................................................
.....................................................................
.....................................................................
.....................................................................
.....................................................................
.....................................................................

Generation = 283 Population = 492
.....................................................................
.....................................................................
.....................................................................
.....................................................................
....................**.........................**....................
....................**.*.**...............**.*.**....................
....................*..*.*.*.............*.*.*..*....................
.....................*...*.*.............*.*...*.....................
.....................*.**.*...............*.**.*.....................
.......................*.....................*.......................
...................*.**.......................**.*...................
.....................................................................
...................**...........................**...................
.....................................................................
.....................................................................
.....................................................................
.....................................................................
.....................................................................
.....................................................................
.....................................................................
.........*..............***...............***..............*.........
........***...*..........*.................*..........*...***........
.......*..***..*.**...............................**.*..***..*.......
......**...**......*.............................*......**...**......
.....**.*.***.......*......*..*.......*..*......*.......***.*.**.....
.....***.**....***.**......*..*.......*..*......**.***....**.***.....
........*.*....*.....****.*....*.....*....*.****.....*....*.*........
................*****.**..**...*.....*...**..**.*****................
.....**......**.*..**...**....*.......*....**...**..*.**......**.....
....*.......****........**...*.........*...**........****.......*....
....*.*.....**.........................................**.....*.*....
....*.*.......................................................*.*....
...**...........................................................**...
....*.*.......................................................*.*....
.....*.........................................................*.....
............................*...........*............................
...........................*.*.........*.*...........................
...........................*.*.........*.*...........................
............................*...........*............................
.....................................................................
.....................................................................
.....................................................................
.....................................................................
.....................................................................
.....................................................................
.....................................................................
.....................................................................
.....................................................................
.....................................................................
.....................................................................
.....................................................................
.....................................................................
.....................................................................
.....................................................................
.......................***...***.....***...***.......................
.....................................................................
.....................................................................
.....................................................................
.....................................................................
.....................................................................
.....................................................................
.....................................................................
.....................................................................
.....................................................................
.....................................................................
.....................................................................
.....................................................................
.....................................................................
.....................................................................
.....................................................................
............................*...........*............................
...........................*.*.........*.*...........................
...........................*.*.........*.*...........................
............................*...........*............................
.....*.........................................................*.....
....*.*.......................................................*.*....
...**...........................................................**...
....*.*.......................................................*.*....
....*.*.....**.........................................**.....*.*....
....*.......****........**...*.........*...**........****.......*....
.....**......**.*..**...**....*.......*....**...**..*.**......**.....
................*****.**..**...*.....*...**..**.*****................
........*.*....*.....****.*....*.....*....*.****.....*....*.*........
.....***.**....***.**......*..*.......*..*......**.***....**.***.....
.....**.*.***.......*......*..*.......*..*......*.......***.*.**.....
......**...**......*.............................*......**...**......
.......*..***..*.**...............................**.*..***..*.......
........***...*..........*.................*..........*...***........
.........*..............***...............***..............*.........
.....................................................................
.....................................................................
.....................................................................
.....................................................................
.....................................................................
.....................................................................
.....................................................................
...................**...........................**...................
.....................................................................
...................*.**.......................**.*...................
.......................*.....................*.......................
.....................*.**.*...............*.**.*.....................
.....................*...*.*.............*.*...*.....................
....................*..*.*.*.............*.*.*..*....................
....................**.*.**...............**.*.**....................
....................**.........................**....................
.....................................................................
.....................................................................
.....................................................................
.....................................................................

Generation = 323 Population = 192
.....................................................................
.....................................................................
.....................................................................
....................**.........................**....................
....................**...*.................*...**....................
........................*.*...............*.*........................
........................*..*.............*..*........................
.........................**...............**.........................
.....................................................................
.....................................................................
.....................................................................
.....................................................................
.....................................................................
.....................................................................
.........*.................................................*.........
........*.*...............................................*.*........
........*..*.............................................*..*........
.........**...............................................**.........
.....................................................................
.....................................................................
.............*.........................................*.............
............*.*.......................................*.*............
............*.*.......................................*.*............
.............*.........................................*.............
............................***.......***............................
.....................................................................
..........................*.....*...*.....*..........................
..........................*.....*...*.....*..........................
..........................*.....*...*.....*..........................
.....*.........................................................*.....
.....*......................***.......***......................*.....
.....*.........................................................*.....
.....................................................................
.....................................................................
.....................................................................
............................*...........*............................
...........................*.*.........*.*...........................
...........................*.*.........*.*...........................
............................*...........*............................
.....................................................................
.....................................................................
.....................................................................
.....................................................................
.....................................................................
.....................................................................
.....................................................................
.....................................................................
.....................................................................
.....................................................................
.....................................................................
.....................................................................
.....................................................................
.....................................................................
.....................................................................
.......................***...***.....***...***.......................
.....................................................................
.....................................................................
.....................................................................
.....................................................................
.....................................................................
.....................................................................
.....................................................................
.....................................................................
.....................................................................
.....................................................................
.....................................................................
.....................................................................
.....................................................................
.....................................................................
.....................................................................
............................*...........*............................
...........................*.*.........*.*...........................
...........................*.*.........*.*...........................
............................*...........*............................
.....................................................................
.....................................................................
.....................................................................
.....*.........................................................*.....
.....*......................***.......***......................*.....
.....*.........................................................*.....
..........................*.....*...*.....*..........................
..........................*.....*...*.....*..........................
..........................*.....*...*.....*..........................
.....................................................................
............................***.......***............................
.............*.........................................*.............
............*.*.......................................*.*............
............*.*.......................................*.*............
.............*.........................................*.............
.....................................................................
.....................................................................
.........**...............................................**.........
........*..*.............................................*..*........
........*.*...............................................*.*........
.........*.................................................*.........
.....................................................................
.....................................................................
.....................................................................
.....................................................................
.....................................................................
.....................................................................
.........................**...............**.........................
........................*..*.............*..*........................
........................*.*...............*.*........................
....................**...*.................*...**....................
....................**.........................**....................
.....................................................................
.....................................................................
.....................................................................

Generation = 2500 Population = 192
.....................................................................
.....................................................................
.....................................................................
....................**.........................**....................
....................**...*.................*...**....................
........................*.*...............*.*........................
........................*..*.............*..*........................
.........................**...............**.........................
.....................................................................
.....................................................................
.....................................................................
.....................................................................
.....................................................................
.....................................................................
.........*.................................................*.........
........*.*...............................................*.*........
........*..*.............................................*..*........
.........**...............................................**.........
.....................................................................
.....................................................................
.............*.........................................*.............
............*.*.......................................*.*............
............*.*.......................................*.*............
.............*...............*.........*...............*.............
.............................*.........*.............................
.............................*.........*.............................
.....................................................................
.........................***...***.***...***.........................
.....................................................................
.............................*.........*.............................
....***......................*.........*......................***....
.............................*.........*.............................
.....................................................................
.....................................................................
.....................................................................
............................*...........*............................
...........................*.*.........*.*...........................
...........................*.*.........*.*...........................
............................*...........*............................
.....................................................................
.....................................................................
.....................................................................
.....................................................................
.....................................................................
.....................................................................
.....................................................................
.....................................................................
.....................................................................
.....................................................................
.....................................................................
.....................................................................
.....................................................................
.....................................................................
........................*.....*.......*.....*........................
........................*.....*.......*.....*........................
........................*.....*.......*.....*........................
.....................................................................
.....................................................................
.....................................................................
.....................................................................
.....................................................................
.....................................................................
.....................................................................
.....................................................................
.....................................................................
.....................................................................
.....................................................................
.....................................................................
.....................................................................
.....................................................................
............................*...........*............................
...........................*.*.........*.*...........................
...........................*.*.........*.*...........................
............................*...........*............................
.....................................................................
.....................................................................
.....................................................................
.............................*.........*.............................
....***......................*.........*......................***....
.............................*.........*.............................
.....................................................................
.........................***...***.***...***.........................
.....................................................................
.............................*.........*.............................
.............................*.........*.............................
.............*...............*.........*...............*.............
............*.*.......................................*.*............
............*.*.......................................*.*............
.............*.........................................*.............
.....................................................................
.....................................................................
.........**...............................................**.........
........*..*.............................................*..*........
........*.*...............................................*.*........
.........*.................................................*.........
.....................................................................
.....................................................................
.....................................................................
.....................................................................
.....................................................................
.....................................................................
.........................**...............**.........................
........................*..*.............*..*........................
........................*.*...............*.*........................
....................**...*.................*...**....................
....................**.........................**....................
.....................................................................
.....................................................................
.....................................................................

*** Life<FredkinCell> 20x20 ***
Generation = 0 Population = 4
--------------------
--------------------
--------------------
--------------------
--------------------
--------------------
--------------------
--------------------
--------------------
---------00---------
---------00---------
--------------------
--------------------
--------------------
--------------------
--------------------
--------------------
--------------------
--------------------
--------------------

Generation = 1 Population = 8
--------------------
--------------------
--------------------
--------------------
--------------------
--------------------
--------------------
--------------------
---------00---------
--------0--0--------
--------0--0--------
---------00---------
--------------------
--------------------
--------------------
--------------------
--------------------
--------------------
--------------------
--------------------

Generation = 2 Population = 16
--------------------
--------------------
--------------------
--------------------
--------------------
--------------------
--------------------
---------00---------
---------11---------
-------01--10-------
-------01--10-------
---------11---------
---------00---------
--------------------
--------------------
--------------------
--------------------
--------------------
--------------------
--------------------

Generation = 3 Population = 16
--------------------
--------------------
--------------------
--------------------
--------------------
--------------------
---------00---------
--------0--0--------
-------0----0-------
------0------0------
------0------0------
-------0----0-------
--------0--0--------
---------00---------
--------------------
--------------------
--------------------
--------------------
--------------------
--------------------

Generation = 4 Population = 16
--------------------
--------------------
--------------------
--------------------
--------------------
---------00---------
---------11---------
--------------------
--------------------
-----01------10-----
-----01------10-----
--------------------
--------------------
---------11---------
---------00---------
--------------------
--------------------
--------------------
--------------------
--------------------

Generation = 5 Population = 32
--------------------
--------------------
--------------------
--------------------
---------00---------
--------0--0--------
--------0--0--------
---------00---------
-----00------00-----
----0--0----0--0----
----0--0----0--0----
-----00------00-----
---------00---------
--------0--0--------
--------0--0--------
---------00---------
--------------------
--------------------
--------------------
--------------------

*** Life<Cell> 20x20 ***
Generation = 0 Population = 6
--------------------
--------------------
--------------------
--------------------
--------------------
--------------------
--------------------
--------------------
--------------------
---------00---------
--------0000--------
--------------------
--------------------
--------------------
--------------------
--------------------
--------------------
--------------------
--------------------
--------------------

Generation = 1 Population = 12
--------------------
--------------------
--------------------
--------------------
--------------------
--------------------
--------------------
--------------------
---------00---------
--------------------
-------011110-------
--------0000--------
--------------------
--------------------
--------------------
--------------------
--------------------
--------------------
--------------------
--------------------

Generation = 2 Population = 24
--------------------
--------------------
--------------------
--------------------
--------------------
--------------------
--------------------
---------00---------
--------0110--------
-------00--00-------
------01****10------
---------11---------
--------0000--------
--------------------
--------------------
--------------------
--------------------
--------------------
--------------------
--------------------

Generation = 3 Population = 32
--------------------
--------------------
--------------------
--------------------
--------------------
--------------------
---------00---------
--------------------
---------**---------
--------1001--------
-----01*....*10-----
------000**000------
-------011110-------
--------0000--------
--------------------
--------------------
--------------------
--------------------
--------------------
--------------------

Generation = 4 Population = 28
--------------------
--------------------
--------------------
--------------------
--------------------
---------00---------
--------0110--------
--------------------
---------..---------
-----00-*11*-00-----
----01*......*10----
--------1..1--------
--------------------
---------11---------
--------0000--------
--------------------
--------------------
--------------------
--------------------
--------------------

Generation = 5 Population = 52
--------------------
--------------------
--------------------
--------------------
---------00---------
--------------------
-------01**10-------
--------0000--------
-----00-0**0-00-----
--------.--.--------
---01**.*..*.**10---
----0000-..-0000----
--------1111--------
--------------------
-------011110-------
--------0000--------
--------------------
--------------------
--------------------
--------------------

*** Life<ConwayCell> 5x5
Generation = 0 Population = 4
*....
.*...
..*..
...*.
.....

Generation = 5 Population = 0
.....
.....
.....
.....
.....

Generation = 10 Population = 0
.....
.....
.....
.....
.....

Generation = 15 Population = 0
.....
.....
.....
.....
.....

*** Life<ConwayCell> 10x10
Generation = 0 Population = 4
..........
..........
..........
.....*....
...**.....
.....*....
..........
..........
..........
..........

Generation = 10 Population = 12
..........
...***....
..........
.*.....*..
.*.....*..
.*.....*..
..........
...***....
..........
..........

Generation = 20 Population = 12
..........
...***....
..........
.*.....*..
.*.....*..
.*.....*..
..........
...***....
..........
..........

Generation = 30 Population = 12
..........
...***....
..........
.*.....*..
.*.....*..
.*.....*..
..........
...***....
..........
..........

*** Life<ConwayCell> 5x3
Generation = 0 Population = 3
**.
*..
...
...
...

Generation = 500 Population = 4
**.
**.
...
...
...

Generation = 1000 Population = 4
**.
**.
...
...
...

Generation = 1500 Population = 4
**.
**.
...
...
...

Generation = 2000 Population = 4
**.
**.
...
...
...

*** Life<ConwayCell> 2x2
Generation = 0 Population = 4
**
**

Generation = 500 Population = 4
**
**

Generation = 1000 Population = 4
**
**

Generation = 1500 Population = 4
**
**

Generation = 2000 Population = 4
**
**

*** Life<FredkinCell> 50x50
Generation = 0 Population = 50
--------------------------------------------------
--------------------------------------------------
--------------------------------------------------
--------------------------------------------------
--------------------------------------------------
--------------------------------------------------
--------------------------------------------------
--------------------------------------------------
--------------------------------------------------
--------------------------------------------------
--------------------------------------------------
--------------------------------------------------
--------------------------------------------------
--------------------------------------------------
--------------------------------------------------
--------------------------------------------------
--------------------------------------------------
--------------------------------------------------
--------------------------------------------------
--------------------------------------------------
--------------------------------------------------
--------------------------------------------------
--------------------------------------------------
--------------------------------------------------
00000000000000000000000000000000000000000000000000
--------------------------------------------------
--------------------------------------------------
--------------------------------------------------
--------------------------------------------------
--------------------------------------------------
--------------------------------------------------
--------------------------------------------------
--------------------------------------------------
--------------------------------------------------
--------------------------------------------------
--------------------------------------------------
--------------------------------------------------
--------------------------------------------------
--------------------------------------------------
--------------------------------------------------
--------------------------------------------------
--------------------------------------------------
--------------------------------------------------
--------------------------------------------------
--------------------------------------------------
--------------------------------------------------
--------------------------------------------------
--------------------------------------------------
--------------------------------------------------
--------------------------------------------------

Generation = 500 Population = 606
+--++++++--+-+-+-+-+--++00++--+-+-+-+-+--++++++--+
--------------------------------------------------
-+++-++-+++--+++++--+++-++-+++--+++++--+++-++-+++-
--------------------------------------------------
++-++--++-++-+++++-++-++--++-++-+++++-++-++--++-++
--------------------------------------------------
-++++--+-++---+++---++-+--+-++---+++---++-+--++++-
--------------------------------------------------
-+++--+-++----+++----++-++-++----+++----++-+--+++-
--------------------------------------------------
--+--+--++--+--+--+--++-++-++--+--+--+--++--+--+--
--------------------------------------------------
--++---+--+---+++---++++--++++---+++---+--+---++--
--------------------------------------------------
+-+-++------++-+-+++---++++---+++-+-++------++-+-+
--------------------------------------------------
+-+-++------++-+-+---+------+---+-+-++------++-+-+
--------------------------------------------------
--++---+--+---++------------------++---+--+---++--
--------------------------------------------------
--+--+--++--+--+-----+------+-----+--+--++--+--+--
--------------------------------------------------
-+++--+-++-+--+++---+++----+++---+++--+-++-+--+++-
--------------------------------------------------
-++++--+--+--++++---++++--++++---++++--+--+--++++-
--------------------------------------------------
++-++--+--+--++-++-++-++--++-++-++-++--+--+--++-++
--------------------------------------------------
-+++----++----+++---+++-++-+++---+++----++----+++-
--------------------------------------------------
+---+++----+++---+-+--++++++--+-+---+++----+++---+
--------------------------------------------------
+-+++-++++++-+++-+-+--++++++--+-+-+++-++++++-+++-+
--------------------------------------------------
------------------++---+--+---++------------------
--------------------------------------------------
+-+++-++++++-+++++-++-++--++-++-+++++-++++++-+++-+
--------------------------------------------------
+---+++----+++---+++--+-++-+--+++---+++----+++---+
--------------------------------------------------
-+++----++----+++----++-++-++----+++----++----+++-
--------------------------------------------------
++-++--+--++-++-++-++--+--+--++-++-++-++--+--++-++
--------------------------------------------------
-++++--++++---+++---++++--++++---+++---++++--++++-
--------------------------------------------------
-+++----+++---+-+---+++----+++---+-+---+++----+++-
--------------------------------------------------
--+------+---+-+-+---+------+---+-+-+---+------+--
--------------------------------------------------

Generation = 1000 Population = 540
--+-+++++------++-+-++------++-+-++------+++++-+--
--------------------------------------------------
+---+-+----++----+-+----++----+-+----++----+-+---+
--------------------------------------------------
+++------++++-+-------+-++-+-------+-++++------+++
--------------------------------------------------
-+-+++++-+-+--+-+++++-+-++-+-+++++-+--+-+-+++++-+-
--------------------------------------------------
+----++------+----+------------+----+------++----+
--------------------------------------------------
---++-+-+-------++-+----------+-++-------+-+-++---
--------------------------------------------------
--+-+----+-------+--------------+-------+----+-+--
--------------------------------------------------
++++++++++++-++++-++++++++++++++-++++-++++++++++++
--------------------------------------------------
+------------+----+------------+----+------------+
--------------------------------------------------
-------------+-------+------+-------+-------------
--------------------------------------------------
+----------+-++-------++--++-------++-+----------+
--------------------------------------------------
++++++++++++-++++-++++++--++++++-++++-++++++++++++
--------------------------------------------------
--+-+--+-+-----+-+++--+----+--+++-+-----+-+--+-+--
--------------------------------------------------
---+-++-+-------++-+++------+++-++-------+-++-+---
--------------------------------------------------
+----++----+-+----++---+--+---++----+-+----++----+
--------------------------------------------------
+--++++++--+--+-+++++-+----+-+++++-+--+--++++++--+
--------------------------------------------------
+--++++++----+--++++++------++++++--+----++++++--+
--------------------------------------------------
+----++----+-+---+-+----++----+-+---+-+----++----+
--------------------------------------------------
---+-++++------++-++++------++++-++------++++-+---
--------------------------------------------------
--+-++-+-+-----+-++-++------++-++-+-----+-+-++-+--
--------------------------------------------------
++++-++++++--++++-+-++++--++++-+-++++--++++++-++++
--------------------------------------------------
++-------+-+-++-------+-++-+-------++-+-+-------++
--------------------------------------------------
-+++++++-++++-+-+++++-+-++-+-+++++-+-++++-+++++++-
--------------------------------------------------
-----+------------+------------+------------+-----
--------------------------------------------------
+++--++++++++++++-+-++++++++++-+-++++++++++++--+++
--------------------------------------------------

Generation = 1500 Population = 284
----+-+----------+-+----------+-+----------+-+----
--------------------------------------------------
--------------------------------------------------
--------------------------------------------------
+----------++-----------++-----------++----------+
--------------------------------------------------
+---------+--+---------+--+---------+--+---------+
--------------------------------------------------
--------------------------------------------------
--------------------------------------------------
-----++-----------+------------+-----------++-----
--------------------------------------------------
----+--+----------------------------------+--+----
--------------------------------------------------
------------------+------------+------------------
--------------------------------------------------
++++++++++++-++++++++++++++++++++++++-++++++++++++
--------------------------------------------------
-----------------------+--+-----------------------
--------------------------------------------------
++++++++++++-+++++++++++--+++++++++++-++++++++++++
--------------------------------------------------
--------------------------------------------------
--------------------------------------------------
----+--+---------+--+--------+--+---------+--+----
--------------------------------------------------
-----++-----------++----------++-----------++-----
--------------------------------------------------
--------------------------------------------------
--------------------------------------------------
+----------+-+---------+--+---------+-+----------+
--------------------------------------------------
+----------+-+----------++----------+-+----------+
--------------------------------------------------
--------------------------------------------------
--------------------------------------------------
-----++----------+-+----------+-+----------++-----
--------------------------------------------------
----+--+---------+-+----------+-+---------+--+----
--------------------------------------------------
--------------------------------------------------
--------------------------------------------------
+++++++++++--+++++++++++--+++++++++++--+++++++++++
--------------------------------------------------
----------+--+---------+--+---------+--+----------
--------------------------------------------------
++++++++++++++++++++++++++++++++++++++++++++++++++
--------------------------------------------------
-----+------------+------------+------------+-----
--------------------------------------------------

Generation = 2000 Population = 340
-----+---+----+----+----------+----+----+---+-----
--------------------------------------------------
-------+--+--+--++--------------++--+--+--+-------
--------------------------------------------------
+++++++++-++++++++++++++--++++++++++++++-+++++++++
--------------------------------------------------
-+---------+-+--------+----+--------+-+---------+-
--------------------------------------------------
-+--------------------+----+--------------------+-
--------------------------------------------------
++-++-++++++++++++-++-++--++-++-++++++++++++-++-++
--------------------------------------------------
-+---------------+--------------+---------------+-
--------------------------------------------------
+--+-+-------------+-+--++--+-+-------------+-+--+
--------------------------------------------------
--+-------------------+----+-------------------+--
--------------------------------------------------
-+--------+--+---------+--+---------+--+--------+-
--------------------------------------------------
+++++++++-++++++++++++++++++++++++++++++-+++++++++
--------------------------------------------------
------+-+--+-+--++--------------++--+-+--+-+------
--------------------------------------------------
----+-----+---+----+----------+----+---+-----+----
--------------------------------------------------
-----+---+--+--+--+------------+--+--+--+---+-----
--------------------------------------------------
-------+--+---+--------------------+---+--+-------
--------------------------------------------------
+--------+----+---------++---------+----+--------+
--------------------------------------------------
--+--------++---------+----+---------++--------+--
--------------------------------------------------
-+--+---------------+--+--+--+---------------+--+-
--------------------------------------------------
++-+++-+++++++++++-+++-++++-+++-+++++++++++-+++-++
--------------------------------------------------
-+----+----------+----+----+----+----------+----+-
--------------------------------------------------
+--++--------------++--+--+--++--------------++--+
--------------------------------------------------
------------+------------------------+------------
--------------------------------------------------
+---------+---+--------+--+--------+---+---------+
--------------------------------------------------
---------+----+--------------------+----+---------
--------------------------------------------------
------+-+--++--+--+------------+--+--++--+-+------
--------------------------------------------------

*** Life<FredkinCell> 10x10
Generation = 0 Population = 5
----------
----------
--000-----
--00------
----------
----------
----------
----------
----------
----------

Generation = 10 Population = 41
--123---10
--3-1----1
03-3-4-3-1
0-0-1-00-2
01-4-11-01
--3-1----0
--122-----
--00------
----------
012210----

Generation = 20 Population = 42
04-54---51
2-72--32--
470-------
02--5-235-
--480-----
----------
24-64---33
-2-3----02
--553-310-
2-----42--

Generation = 30 Population = 53
----63-49-
---26----8
--07+---+5
-25--555-7
159-05-7-+
5--56-54-3
--57-70-55
4--554--23
------540-
-8+77343--

Generation = 40 Population = 34
----------
--+5------
7+0-+9-8+-
-5--+---+-
--++-7-+7-
--+-8----5
--------67
--9-7----4
--+++---07
-----5547-

Generation = 50 Population = 31
--------+7
--++------
8+-+-+9-++
-++-----++
----087---
--+-+----7
----------
----------
--+++---0+
5-++-7--+-

Generation = 60 Population = 42
0+-++-----
+-++--++--
++0---+++-
0+--+8----
--++-+8---
---8+----7
+++-----++
-++-----++
------++-+
-----7+++-

Generation = 70 Population = 13
----------
----------
--0++---++
--+-+----+
--++0-----
----------
----------
----------
----------
--++------

Generation = 80 Population = 51
0+-++---++
+-+-++--++
++-+-+-+-+
0-+-+-++-+
6+-+0---++
-++-----++
--+++-----
--++------
9++-+++---
++++++----

Generation = 90 Population = 55
----++-+-+
---+++++++
--0+-++-++
-++-----++
7++---++-+
+++---++++
+++-++0---
++--++----
++-+-++---
++++++----

Generation = 100 Population = 36
0+-++---++
+----+--+-
----++-++-
0-----++--
----------
-++-----++
--+++-----
--++------
+++-+++-0+
+----+--+-

*** Life<FredkinCell> 5x3
Generation = 0 Population = 4
0--
---
-00
--0
---

Generation = 5 Population = 10
021
002
-10
--3
1--

Generation = 10 Population = 7
-5-
--5
--2
0-6
-41

Generation = 15 Population = 6
0--
--8
31-
-0-
-7-

Generation = 20 Population = 7
-94
---
5--
--+
4+1

*** Life<FredkinCell> 5x5
Generation = 0 Population = 5
0---0
-----
--0--
-----
0---0

Generation = 10 Population = 4
--0--
-----
0---0
-----
--0--

Generation = 20 Population = 4
--0--
-----
0---0
-----
--0--

Generation = 30 Population = 4
--0--
-----
0---0
-----
--0--

Generation = 40 Population = 4
--0--
-----
0---0
-----
--0--

Generation = 50 Population = 4
--0--
-----
0---0
-----
--0--

*** Life<Cell> 6x5
Generation = 0 Population = 6
-----
-0-0-
--0--
--0--
-0-0-
-----

Generation = 5 Population = 28
01*10
00*00
11-11
11-11
00*00
01*10

Generation = 10 Population = 14
0*.*0
.*.*.
..*..
..*..
.*.*.
0*.*0

Generation = 15 Population = 0
-...-
.....
.....
.....
.....
-...-

Generation = 20 Population = 0
-...-
.....
.....
.....
.....
-...-

*** Life<Cell> 10x10
Generation = 0 Population = 5
----------
----------
--000-----
--00------
----------
----------
----------
----------
----------
----------

Generation = 10 Population = 41
--123---10
--3-1----1
03-3-4-3-1
0-0-1-00-2
01-4-11-01
--3-1----0
--122-----
--00------
----------
012210----

Generation = 20 Population = 42
04-54---51
2-72--32--
470-------
02--5-235-
--480-----
----------
24-64---33
-2-3----02
--553-310-
2-----42--

Generation = 30 Population = 53
----63-49-
---26----8
--07+---+5
-25--555-7
159-05-7-+
5--56-54-3
--57-70-55
4--554--23
------540-
-8+77343--

Generation = 40 Population = 34
----------
--+5------
7+0-+9-8+-
-5--+---+-
--++-7-+7-
--+-8----5
--------67
--9-7----4
--+++---07
-----5547-

Generation = 50 Population = 31
--------+7
--++------
8+-+-+9-++
-++-----++
----087---
--+-+----7
----------
----------
--+++---0+
5-++-7--+-

Generation = 60 Population = 42
0+-++-----
+-++--++--
++0---+++-
0+--+8----
--++-+8---
---8+----7
+++-----++
-++-----++
------++-+
-----7+++-

Generation = 70 Population = 13
----------
----------
--0++---++
--+-+----+
--++0-----
----------
----------
----------
----------
--++------

Generation = 80 Population = 51
0+-++---++
+-+-++--++
++-+-+-+-+
0-+-+-++-+
6+-+0---++
-++-----++
--+++-----
--++------
9++-+++---
++++++----

Generation = 90 Population = 55
----++-+-+
---+++++++
--0+-++-++
-++-----++
7++---++-+
+++---++++
+++-++0---
++--++----
++-+-++---
++++++----

Generation = 100 Population = 36
0+-++---++
+----+--+-
----++-++-
0-----++--
----------
-++-----++
--+++-----
--++------
+++-+++-0+
+----+--+-

*** Life<Cell> 2x2
Generation = 0 Population = 2
0-
-0

Generation = 5 Population = 0
--
--

Generation = 10 Population = 0
--
--

Generation = 15 Population = 0
--
--

*** Life<Cell> 1x1
Generation = 0 Population = 1
0

Generation = 10 Population = 0
-

Generation = 20 Population = 0
-

