*** Life<ConwayCell> 109x69 ***

Generation = 283, Population = 492.
.....................................................................
.....................................................................
.....................................................................
.....................................................................
....................**.........................**....................
....................**.*.**...............**.*.**....................
....................*..*.*.*.............*.*.*..*....................
.....................*...*.*.............*.*...*.....................
.....................*.**.*...............*.**.*.....................
.......................*.....................*.......................
...................*.**.......................**.*...................
.....................................................................
...................**...........................**...................
.....................................................................
.....................................................................
.....................................................................
.....................................................................
.....................................................................
.....................................................................
.....................................................................
.........*..............***...............***..............*.........
........***...*..........*.................*..........*...***........
.......*..***..*.**...............................**.*..***..*.......
......**...**......*.............................*......**...**......
.....**.*.***.......*......*..*.......*..*......*.......***.*.**.....
.....***.**....***.**......*..*.......*..*......**.***....**.***.....
........*.*....*.....****.*....*.....*....*.****.....*....*.*........
................*****.**..**...*.....*...**..**.*****................
.....**......**.*..**...**....*.......*....**...**..*.**......**.....
....*.......****........**...*.........*...**........****.......*....
....*.*.....**.........................................**.....*.*....
....*.*.......................................................*.*....
...**...........................................................**...
....*.*.......................................................*.*....
.....*.........................................................*.....
............................*...........*............................
...........................*.*.........*.*...........................
...........................*.*.........*.*...........................
............................*...........*............................
.....................................................................
.....................................................................
.....................................................................
.....................................................................
.....................................................................
.....................................................................
.....................................................................
.....................................................................
.....................................................................
.....................................................................
.....................................................................
.....................................................................
.....................................................................
.....................................................................
.....................................................................
.......................***...***.....***...***.......................
.....................................................................
.....................................................................
.....................................................................
.....................................................................
.....................................................................
.....................................................................
.....................................................................
.....................................................................
.....................................................................
.....................................................................
.....................................................................
.....................................................................
.....................................................................
.....................................................................
.....................................................................
............................*...........*............................
...........................*.*.........*.*...........................
...........................*.*.........*.*...........................
............................*...........*............................
.....*.........................................................*.....
....*.*.......................................................*.*....
...**...........................................................**...
....*.*.......................................................*.*....
....*.*.....**.........................................**.....*.*....
....*.......****........**...*.........*...**........****.......*....
.....**......**.*..**...**....*.......*....**...**..*.**......**.....
................*****.**..**...*.....*...**..**.*****................
........*.*....*.....****.*....*.....*....*.****.....*....*.*........
.....***.**....***.**......*..*.......*..*......**.***....**.***.....
.....**.*.***.......*......*..*.......*..*......*.......***.*.**.....
......**...**......*.............................*......**...**......
.......*..***..*.**...............................**.*..***..*.......
........***...*..........*.................*..........*...***........
.........*..............***...............***..............*.........
.....................................................................
.....................................................................
.....................................................................
.....................................................................
.....................................................................
.....................................................................
.....................................................................
...................**...........................**...................
.....................................................................
...................*.**.......................**.*...................
.......................*.....................*.......................
.....................*.**.*...............*.**.*.....................
.....................*...*.*.............*.*...*.....................
....................*..*.*.*.............*.*.*..*....................
....................**.*.**...............**.*.**....................
....................**.........................**....................
.....................................................................
.....................................................................
.....................................................................
.....................................................................

Generation = 323, Population = 192.
.....................................................................
.....................................................................
.....................................................................
....................**.........................**....................
....................**...*.................*...**....................
........................*.*...............*.*........................
........................*..*.............*..*........................
.........................**...............**.........................
.....................................................................
.....................................................................
.....................................................................
.....................................................................
.....................................................................
.....................................................................
.........*.................................................*.........
........*.*...............................................*.*........
........*..*.............................................*..*........
.........**...............................................**.........
.....................................................................
.....................................................................
.............*.........................................*.............
............*.*.......................................*.*............
............*.*.......................................*.*............
.............*.........................................*.............
............................***.......***............................
.....................................................................
..........................*.....*...*.....*..........................
..........................*.....*...*.....*..........................
..........................*.....*...*.....*..........................
.....*.........................................................*.....
.....*......................***.......***......................*.....
.....*.........................................................*.....
.....................................................................
.....................................................................
.....................................................................
............................*...........*............................
...........................*.*.........*.*...........................
...........................*.*.........*.*...........................
............................*...........*............................
.....................................................................
.....................................................................
.....................................................................
.....................................................................
.....................................................................
.....................................................................
.....................................................................
.....................................................................
.....................................................................
.....................................................................
.....................................................................
.....................................................................
.....................................................................
.....................................................................
.....................................................................
.......................***...***.....***...***.......................
.....................................................................
.....................................................................
.....................................................................
.....................................................................
.....................................................................
.....................................................................
.....................................................................
.....................................................................
.....................................................................
.....................................................................
.....................................................................
.....................................................................
.....................................................................
.....................................................................
.....................................................................
............................*...........*............................
...........................*.*.........*.*...........................
...........................*.*.........*.*...........................
............................*...........*............................
.....................................................................
.....................................................................
.....................................................................
.....*.........................................................*.....
.....*......................***.......***......................*.....
.....*.........................................................*.....
..........................*.....*...*.....*..........................
..........................*.....*...*.....*..........................
..........................*.....*...*.....*..........................
.....................................................................
............................***.......***............................
.............*.........................................*.............
............*.*.......................................*.*............
............*.*.......................................*.*............
.............*.........................................*.............
.....................................................................
.....................................................................
.........**...............................................**.........
........*..*.............................................*..*........
........*.*...............................................*.*........
.........*.................................................*.........
.....................................................................
.....................................................................
.....................................................................
.....................................................................
.....................................................................
.....................................................................
.........................**...............**.........................
........................*..*.............*..*........................
........................*.*...............*.*........................
....................**...*.................*...**....................
....................**.........................**....................
.....................................................................
.....................................................................
.....................................................................

Generation = 2500, Population = 192.
.....................................................................
.....................................................................
.....................................................................
....................**.........................**....................
....................**...*.................*...**....................
........................*.*...............*.*........................
........................*..*.............*..*........................
.........................**...............**.........................
.....................................................................
.....................................................................
.....................................................................
.....................................................................
.....................................................................
.....................................................................
.........*.................................................*.........
........*.*...............................................*.*........
........*..*.............................................*..*........
.........**...............................................**.........
.....................................................................
.....................................................................
.............*.........................................*.............
............*.*.......................................*.*............
............*.*.......................................*.*............
.............*...............*.........*...............*.............
.............................*.........*.............................
.............................*.........*.............................
.....................................................................
.........................***...***.***...***.........................
.....................................................................
.............................*.........*.............................
....***......................*.........*......................***....
.............................*.........*.............................
.....................................................................
.....................................................................
.....................................................................
............................*...........*............................
...........................*.*.........*.*...........................
...........................*.*.........*.*...........................
............................*...........*............................
.....................................................................
.....................................................................
.....................................................................
.....................................................................
.....................................................................
.....................................................................
.....................................................................
.....................................................................
.....................................................................
.....................................................................
.....................................................................
.....................................................................
.....................................................................
.....................................................................
........................*.....*.......*.....*........................
........................*.....*.......*.....*........................
........................*.....*.......*.....*........................
.....................................................................
.....................................................................
.....................................................................
.....................................................................
.....................................................................
.....................................................................
.....................................................................
.....................................................................
.....................................................................
.....................................................................
.....................................................................
.....................................................................
.....................................................................
.....................................................................
............................*...........*............................
...........................*.*.........*.*...........................
...........................*.*.........*.*...........................
............................*...........*............................
.....................................................................
.....................................................................
.....................................................................
.............................*.........*.............................
....***......................*.........*......................***....
.............................*.........*.............................
.....................................................................
.........................***...***.***...***.........................
.....................................................................
.............................*.........*.............................
.............................*.........*.............................
.............*...............*.........*...............*.............
............*.*.......................................*.*............
............*.*.......................................*.*............
.............*.........................................*.............
.....................................................................
.....................................................................
.........**...............................................**.........
........*..*.............................................*..*........
........*.*...............................................*.*........
.........*.................................................*.........
.....................................................................
.....................................................................
.....................................................................
.....................................................................
.....................................................................
.....................................................................
.........................**...............**.........................
........................*..*.............*..*........................
........................*.*...............*.*........................
....................**...*.................*...**....................
....................**.........................**....................
.....................................................................
.....................................................................
.....................................................................

*** Life<FredkinCell> 20x20 ***

Generation = 0, Population = 192.
--------------------
--------------------
--------------------
--------------------
--------------------
--------------------
--------------------
--------------------
--------------------
---------00---------
---------00---------
--------------------
--------------------
--------------------
--------------------
--------------------
--------------------
--------------------
--------------------
--------------------

Generation = 1, Population = 8.
--------------------
--------------------
--------------------
--------------------
--------------------
--------------------
--------------------
--------------------
---------00---------
--------0--0--------
--------0--0--------
---------00---------
--------------------
--------------------
--------------------
--------------------
--------------------
--------------------
--------------------
--------------------

Generation = 2, Population = 16.
--------------------
--------------------
--------------------
--------------------
--------------------
--------------------
--------------------
---------00---------
---------11---------
-------01--10-------
-------01--10-------
---------11---------
---------00---------
--------------------
--------------------
--------------------
--------------------
--------------------
--------------------
--------------------

Generation = 3, Population = 16.
--------------------
--------------------
--------------------
--------------------
--------------------
--------------------
---------00---------
--------0--0--------
-------0----0-------
------0------0------
------0------0------
-------0----0-------
--------0--0--------
---------00---------
--------------------
--------------------
--------------------
--------------------
--------------------
--------------------

Generation = 4, Population = 16.
--------------------
--------------------
--------------------
--------------------
--------------------
---------00---------
---------11---------
--------------------
--------------------
-----01------10-----
-----01------10-----
--------------------
--------------------
---------11---------
---------00---------
--------------------
--------------------
--------------------
--------------------
--------------------

Generation = 5, Population = 32.
--------------------
--------------------
--------------------
--------------------
---------00---------
--------0--0--------
--------0--0--------
---------00---------
-----00------00-----
----0--0----0--0----
----0--0----0--0----
-----00------00-----
---------00---------
--------0--0--------
--------0--0--------
---------00---------
--------------------
--------------------
--------------------
--------------------

*** Life<Cell> 20x20 ***

Generation = 0, Population = 32.
--------------------
--------------------
--------------------
--------------------
--------------------
--------------------
--------------------
--------------------
--------------------
---------00---------
--------0000--------
--------------------
--------------------
--------------------
--------------------
--------------------
--------------------
--------------------
--------------------
--------------------

Generation = 1, Population = 12.
--------------------
--------------------
--------------------
--------------------
--------------------
--------------------
--------------------
--------------------
---------00---------
--------------------
-------011110-------
--------0000--------
--------------------
--------------------
--------------------
--------------------
--------------------
--------------------
--------------------
--------------------

Generation = 2, Population = 24.
--------------------
--------------------
--------------------
--------------------
--------------------
--------------------
--------------------
---------00---------
--------0110--------
-------00--00-------
------01****10------
---------11---------
--------0000--------
--------------------
--------------------
--------------------
--------------------
--------------------
--------------------
--------------------

Generation = 3, Population = 32.
--------------------
--------------------
--------------------
--------------------
--------------------
--------------------
---------00---------
--------------------
---------**---------
--------1001--------
-----01*....*10-----
------000**000------
-------011110-------
--------0000--------
--------------------
--------------------
--------------------
--------------------
--------------------
--------------------

Generation = 4, Population = 28.
--------------------
--------------------
--------------------
--------------------
--------------------
---------00---------
--------0110--------
--------------------
---------..---------
-----00-*11*-00-----
----01*......*10----
--------1..1--------
--------------------
---------11---------
--------0000--------
--------------------
--------------------
--------------------
--------------------
--------------------

Generation = 5, Population = 52.
--------------------
--------------------
--------------------
--------------------
---------00---------
--------------------
-------01**10-------
--------0000--------
-----00-0**0-00-----
--------.--.--------
---01**.*..*.**10---
----0000-..-0000----
--------1111--------
--------------------
-------011110-------
--------0000--------
--------------------
--------------------
--------------------
--------------------

*** Life<FredkinCell> 20x20 ***

Generation = 5, Population = 154.
-**--*10---0-00---.-
.-.0----00-000-0----
-.--00-01--*0-0---.-
*10-----0---0----0.0
00-----0*1--0----0-0
-----0000.0*-000-010
-10--1-1.---.1*-0---
1-*---0------1-*00-0
0-0---*1*0-0*1*-0-0-
1-*-*1000---00-0----
0-0-00------------0-
*-0-0-----------00-0
0-0------0-0------0-
110--000-*0.0000----
-10-0--1-00-0---0---
-0-----0--110-------
----0--.--.-0---0---
----0-0--0--0000----
---0--*1.0*---10----
---010*0.01-*-10----

*** Life<FredkinCell> 20x20 ***

Generation = 10, Population = 168.
-.*-*.*.00-.---1*0.-
.-..--*--*-1*-.-.0--
.**1---..-1*110*1*.-
.*.-1----1.1.00-*-*.
.--1-*-1**--..*1..--
1-011--01.1.---.*--0
0.00..-*.1-*...1..--
.**.-**-1-011--*-.-1
.0*0--.*..-..-...-1*
.-..*.*.*.10-00--0--
*..-*0*-.*--.1.0--*0
.0-*-1110.1*-011**--
-.10---*..1-.---0-10
.*1-0.0--.*.-11.--11
0.11--0.-1.----1--10
.*-00-1*.-11.--00---
--1.**..***---*-1-10
0*011-.0..*.00.-----
-10*-.....*..1*1--*1
-0*---.0.*11.-.-.---

*** Life<FredkinCell> 20x20 ***

Generation = 100, Population = 56.
...-................
**........-.........
.**.................
.*..................
*..*................
.*.*........-..***..
..*..............*..
................*.-.
....................
....................
..*.................
..*.................
..***.**............
..*****.*...........
....***...**........
..**.**..*.**.......
..***..***.**.......
...........**.......
....*...*.**........
.-..*...*..........-

*** Life<FredkinCell> 20x20 ***

Generation = 20, Population = 48.
---------33---------
---------11---------
--------------------
--------------------
-----01------10-----
----0-1------1-0----
----11--------11----
--------------------
---------22---------
31------2--2------13
31------2--2------13
---------22---------
--------------------
----11--------11----
----0-1------1-0----
-----01------10-----
--------------------
--------------------
---------11---------
---------33---------

*** Life<Cell> 20x20 ***

Generation = 20, Population = 169.
-0100..1----1..0010-
00*-*-0-....-0-*-*00
100..****..****..001
--.*-1-.*..*.-1-*.--
-***-0-1....1-0-***-
.0-1-0.*....*.0-1-0.
..*-1*-.****.-*1-*..
-0-..-********-..-0-
.**...***..***...**.
.1*.*..-*..*-..*.*-.
*................**.
-..*...**..**...***-
.....*........*.....
..11.-........-.-**.
-.*.*-.*....*.-*.*.1
1.-1.---*..*---.1-.1
1-*--.1**..**1.--*-1
001*0.-1*..*1-.0*100
11....***..***....11
---01..10**01..10---

*** Life<ConwayCell> 10x50 ***

Generation = 0, Population = 169.
..................................................
..................................................
..................................................
..................................................
..................................................
............................................****..
............................................*...*.
............................................*.....
.............................................*..*.
..................................................

Generation = 1, Population = 12.
..................................................
..................................................
..................................................
..................................................
.............................................**...
............................................****..
...........................................**.**..
............................................**....
..................................................
..................................................

Generation = 2, Population = 9.
..................................................
..................................................
..................................................
..................................................
............................................*..*..
...........................................*......
...........................................*...*..
...........................................****...
..................................................
..................................................

Generation = 3, Population = 12.
..................................................
..................................................
..................................................
..................................................
..................................................
...........................................**.....
..........................................**.**...
...........................................****...
............................................**....
..................................................

Generation = 4, Population = 9.
..................................................
..................................................
..................................................
..................................................
..................................................
..........................................****....
..........................................*...*...
..........................................*.......
...........................................*..*...
..................................................

Generation = 5, Population = 12.
..................................................
..................................................
..................................................
..................................................
...........................................**.....
..........................................****....
.........................................**.**....
..........................................**......
..................................................
..................................................

*** Life<ConwayCell> 10x50 ***

Generation = 0, Population = 12.
..................................................
..................................................
..................................................
..................................................
..................................................
............................................****..
............................................*...*.
............................................*.....
.............................................*..*.
..................................................

Generation = 1, Population = 12.
..................................................
..................................................
..................................................
..................................................
.............................................**...
............................................****..
...........................................**.**..
............................................**....
..................................................
..................................................

Generation = 2, Population = 9.
..................................................
..................................................
..................................................
..................................................
............................................*..*..
...........................................*......
...........................................*...*..
...........................................****...
..................................................
..................................................

Generation = 3, Population = 12.
..................................................
..................................................
..................................................
..................................................
..................................................
...........................................**.....
..........................................**.**...
...........................................****...
............................................**....
..................................................

Generation = 4, Population = 9.
..................................................
..................................................
..................................................
..................................................
..................................................
..........................................****....
..........................................*...*...
..........................................*.......
...........................................*..*...
..................................................

Generation = 5, Population = 12.
..................................................
..................................................
..................................................
..................................................
...........................................**.....
..........................................****....
.........................................**.**....
..........................................**......
..................................................
..................................................

Generation = 6, Population = 9.
..................................................
..................................................
..................................................
..................................................
..........................................*..*....
.........................................*........
.........................................*...*....
.........................................****.....
..................................................
..................................................

Generation = 7, Population = 12.
..................................................
..................................................
..................................................
..................................................
..................................................
.........................................**.......
........................................**.**.....
.........................................****.....
..........................................**......
..................................................

Generation = 8, Population = 9.
..................................................
..................................................
..................................................
..................................................
..................................................
........................................****......
........................................*...*.....
........................................*.........
.........................................*..*.....
..................................................

Generation = 9, Population = 12.
..................................................
..................................................
..................................................
..................................................
.........................................**.......
........................................****......
.......................................**.**......
........................................**........
..................................................
..................................................

Generation = 10, Population = 9.
..................................................
..................................................
..................................................
..................................................
........................................*..*......
.......................................*..........
.......................................*...*......
.......................................****.......
..................................................
..................................................

Generation = 11, Population = 12.
..................................................
..................................................
..................................................
..................................................
..................................................
.......................................**.........
......................................**.**.......
.......................................****.......
........................................**........
..................................................

Generation = 12, Population = 9.
..................................................
..................................................
..................................................
..................................................
..................................................
......................................****........
......................................*...*.......
......................................*...........
.......................................*..*.......
..................................................

Generation = 13, Population = 12.
..................................................
..................................................
..................................................
..................................................
.......................................**.........
......................................****........
.....................................**.**........
......................................**..........
..................................................
..................................................

Generation = 14, Population = 9.
..................................................
..................................................
..................................................
..................................................
......................................*..*........
.....................................*............
.....................................*...*........
.....................................****.........
..................................................
..................................................

Generation = 15, Population = 12.
..................................................
..................................................
..................................................
..................................................
..................................................
.....................................**...........
....................................**.**.........
.....................................****.........
......................................**..........
..................................................

Generation = 16, Population = 9.
..................................................
..................................................
..................................................
..................................................
..................................................
....................................****..........
....................................*...*.........
....................................*.............
.....................................*..*.........
..................................................

Generation = 17, Population = 12.
..................................................
..................................................
..................................................
..................................................
.....................................**...........
....................................****..........
...................................**.**..........
....................................**............
..................................................
..................................................

Generation = 18, Population = 9.
..................................................
..................................................
..................................................
..................................................
....................................*..*..........
...................................*..............
...................................*...*..........
...................................****...........
..................................................
..................................................

Generation = 19, Population = 12.
..................................................
..................................................
..................................................
..................................................
..................................................
...................................**.............
..................................**.**...........
...................................****...........
....................................**............
..................................................

Generation = 20, Population = 9.
..................................................
..................................................
..................................................
..................................................
..................................................
..................................****............
..................................*...*...........
..................................*...............
...................................*..*...........
..................................................

Generation = 21, Population = 12.
..................................................
..................................................
..................................................
..................................................
...................................**.............
..................................****............
.................................**.**............
..................................**..............
..................................................
..................................................

Generation = 22, Population = 9.
..................................................
..................................................
..................................................
..................................................
..................................*..*............
.................................*................
.................................*...*............
.................................****.............
..................................................
..................................................

Generation = 23, Population = 12.
..................................................
..................................................
..................................................
..................................................
..................................................
.................................**...............
................................**.**.............
.................................****.............
..................................**..............
..................................................

Generation = 24, Population = 9.
..................................................
..................................................
..................................................
..................................................
..................................................
................................****..............
................................*...*.............
................................*.................
.................................*..*.............
..................................................

Generation = 25, Population = 12.
..................................................
..................................................
..................................................
..................................................
.................................**...............
................................****..............
...............................**.**..............
................................**................
..................................................
..................................................

Generation = 26, Population = 9.
..................................................
..................................................
..................................................
..................................................
................................*..*..............
...............................*..................
...............................*...*..............
...............................****...............
..................................................
..................................................

Generation = 27, Population = 12.
..................................................
..................................................
..................................................
..................................................
..................................................
...............................**.................
..............................**.**...............
...............................****...............
................................**................
..................................................

Generation = 28, Population = 9.
..................................................
..................................................
..................................................
..................................................
..................................................
..............................****................
..............................*...*...............
..............................*...................
...............................*..*...............
..................................................

Generation = 29, Population = 12.
..................................................
..................................................
..................................................
..................................................
...............................**.................
..............................****................
.............................**.**................
..............................**..................
..................................................
..................................................

Generation = 30, Population = 9.
..................................................
..................................................
..................................................
..................................................
..............................*..*................
.............................*....................
.............................*...*................
.............................****.................
..................................................
..................................................

Generation = 31, Population = 12.
..................................................
..................................................
..................................................
..................................................
..................................................
.............................**...................
............................**.**.................
.............................****.................
..............................**..................
..................................................

Generation = 32, Population = 9.
..................................................
..................................................
..................................................
..................................................
..................................................
............................****..................
............................*...*.................
............................*.....................
.............................*..*.................
..................................................

Generation = 33, Population = 12.
..................................................
..................................................
..................................................
..................................................
.............................**...................
............................****..................
...........................**.**..................
............................**....................
..................................................
..................................................

Generation = 34, Population = 9.
..................................................
..................................................
..................................................
..................................................
............................*..*..................
...........................*......................
...........................*...*..................
...........................****...................
..................................................
..................................................

Generation = 35, Population = 12.
..................................................
..................................................
..................................................
..................................................
..................................................
...........................**.....................
..........................**.**...................
...........................****...................
............................**....................
..................................................

Generation = 36, Population = 9.
..................................................
..................................................
..................................................
..................................................
..................................................
..........................****....................
..........................*...*...................
..........................*.......................
...........................*..*...................
..................................................

Generation = 37, Population = 12.
..................................................
..................................................
..................................................
..................................................
...........................**.....................
..........................****....................
.........................**.**....................
..........................**......................
..................................................
..................................................

Generation = 38, Population = 9.
..................................................
..................................................
..................................................
..................................................
..........................*..*....................
.........................*........................
.........................*...*....................
.........................****.....................
..................................................
..................................................

Generation = 39, Population = 12.
..................................................
..................................................
..................................................
..................................................
..................................................
.........................**.......................
........................**.**.....................
.........................****.....................
..........................**......................
..................................................

Generation = 40, Population = 9.
..................................................
..................................................
..................................................
..................................................
..................................................
........................****......................
........................*...*.....................
........................*.........................
.........................*..*.....................
..................................................

Generation = 41, Population = 12.
..................................................
..................................................
..................................................
..................................................
.........................**.......................
........................****......................
.......................**.**......................
........................**........................
..................................................
..................................................

Generation = 42, Population = 9.
..................................................
..................................................
..................................................
..................................................
........................*..*......................
.......................*..........................
.......................*...*......................
.......................****.......................
..................................................
..................................................

Generation = 43, Population = 12.
..................................................
..................................................
..................................................
..................................................
..................................................
.......................**.........................
......................**.**.......................
.......................****.......................
........................**........................
..................................................

Generation = 44, Population = 9.
..................................................
..................................................
..................................................
..................................................
..................................................
......................****........................
......................*...*.......................
......................*...........................
.......................*..*.......................
..................................................

Generation = 45, Population = 12.
..................................................
..................................................
..................................................
..................................................
.......................**.........................
......................****........................
.....................**.**........................
......................**..........................
..................................................
..................................................

Generation = 46, Population = 9.
..................................................
..................................................
..................................................
..................................................
......................*..*........................
.....................*............................
.....................*...*........................
.....................****.........................
..................................................
..................................................

Generation = 47, Population = 12.
..................................................
..................................................
..................................................
..................................................
..................................................
.....................**...........................
....................**.**.........................
.....................****.........................
......................**..........................
..................................................

Generation = 48, Population = 9.
..................................................
..................................................
..................................................
..................................................
..................................................
....................****..........................
....................*...*.........................
....................*.............................
.....................*..*.........................
..................................................

Generation = 49, Population = 12.
..................................................
..................................................
..................................................
..................................................
.....................**...........................
....................****..........................
...................**.**..........................
....................**............................
..................................................
..................................................

Generation = 50, Population = 9.
..................................................
..................................................
..................................................
..................................................
....................*..*..........................
...................*..............................
...................*...*..........................
...................****...........................
..................................................
..................................................

